2026-01-28 16:40:42.364 INFO  [main] [] [] com.example.demo.DemoApplication - Starting DemoApplication using Java 17.0.18 with PID 37283 (/Users/shawluke/IdeaProjects/demo/target/classes started by shawluke in /Users/shawluke/IdeaProjects/demo)
2026-01-28 16:40:42.365 INFO  [main] [] [] com.example.demo.DemoApplication - No active profile set, falling back to 1 default profile: "default"
2026-01-28 16:40:42.869 INFO  [main] [] [] org.apache.coyote.http11.Http11NioProtocol - Initializing ProtocolHandler ["http-nio-8080"]
2026-01-28 16:40:42.871 INFO  [main] [] [] org.apache.catalina.core.StandardService - Starting service [Tomcat]
2026-01-28 16:40:42.871 INFO  [main] [] [] org.apache.catalina.core.StandardEngine - Starting Servlet engine: [Apache Tomcat/10.1.28]
2026-01-28 16:40:42.892 INFO  [main] [] [] o.a.c.core.ContainerBase.[Tomcat].[localhost].[/] - Initializing Spring embedded WebApplicationContext
2026-01-28 16:40:43.312 INFO  [main] [] [] org.apache.coyote.http11.Http11NioProtocol - Starting ProtocolHandler ["http-nio-8080"]
2026-01-28 16:40:43.329 INFO  [main] [] [] com.example.demo.DemoApplication - Started DemoApplication in 1.169 seconds (process running for 1.381)
2026-01-28 16:40:52.460 INFO  [http-nio-8080-exec-1] [] [] o.a.c.core.ContainerBase.[Tomcat].[localhost].[/] - Initializing Spring DispatcherServlet 'dispatcherServlet'
2026-01-28 16:40:52.495 INFO  [http-nio-8080-exec-1] [] [] com.example.demo.handler.AuthInterceptor - invalid token:eyJhbGciOiJIUzI1NiJ9.eyJ1c2VySWQiOjEsImV4cCI6MTczNzYwMDAwMH0.xxx
2026-01-28 16:41:43.993 INFO  [http-nio-8080-exec-2] [] [] com.zaxxer.hikari.HikariDataSource - HikariPool-1 - Starting...
2026-01-28 16:41:44.114 INFO  [http-nio-8080-exec-2] [] [] com.zaxxer.hikari.pool.HikariPool - HikariPool-1 - Added connection com.mysql.cj.jdbc.ConnectionImpl@5721b12b
2026-01-28 16:41:44.115 INFO  [http-nio-8080-exec-2] [] [] com.zaxxer.hikari.HikariDataSource - HikariPool-1 - Start completed.
2026-01-28 16:53:36.737 INFO  [SpringApplicationShutdownHook] [] [] com.zaxxer.hikari.HikariDataSource - HikariPool-1 - Shutdown initiated...
2026-01-28 16:53:36.744 INFO  [SpringApplicationShutdownHook] [] [] com.zaxxer.hikari.HikariDataSource - HikariPool-1 - Shutdown completed.
2026-01-28 16:53:48.858 INFO  [main] [] [] com.example.demo.DemoApplication - Starting DemoApplication using Java 17.0.18 with PID 37533 (/Users/shawluke/IdeaProjects/demo/target/classes started by shawluke in /Users/shawluke/IdeaProjects/demo)
2026-01-28 16:53:48.859 INFO  [main] [] [] com.example.demo.DemoApplication - No active profile set, falling back to 1 default profile: "default"
2026-01-28 16:53:49.357 INFO  [main] [] [] org.apache.coyote.http11.Http11NioProtocol - Initializing ProtocolHandler ["http-nio-8080"]
2026-01-28 16:53:49.358 INFO  [main] [] [] org.apache.catalina.core.StandardService - Starting service [Tomcat]
2026-01-28 16:53:49.358 INFO  [main] [] [] org.apache.catalina.core.StandardEngine - Starting Servlet engine: [Apache Tomcat/10.1.28]
2026-01-28 16:53:49.378 INFO  [main] [] [] o.a.c.core.ContainerBase.[Tomcat].[localhost].[/] - Initializing Spring embedded WebApplicationContext
2026-01-28 16:53:49.790 INFO  [main] [] [] org.apache.coyote.http11.Http11NioProtocol - Starting ProtocolHandler ["http-nio-8080"]
2026-01-28 16:53:49.807 INFO  [main] [] [] com.example.demo.DemoApplication - Started DemoApplication in 1.151 seconds (process running for 1.36)
2026-01-28 16:53:52.570 INFO  [http-nio-8080-exec-1] [] [] o.a.c.core.ContainerBase.[Tomcat].[localhost].[/] - Initializing Spring DispatcherServlet 'dispatcherServlet'
2026-01-28 16:53:52.578 INFO  [http-nio-8080-exec-1] [] [] com.example.demo.handler.AuthInterceptor - Missing or invalid Authorization header
2026-01-28 16:54:34.442 INFO  [main] [] [] com.example.demo.DemoApplication - Starting DemoApplication using Java 17.0.18 with PID 37565 (/Users/shawluke/IdeaProjects/demo/target/classes started by shawluke in /Users/shawluke/IdeaProjects/demo)
2026-01-28 16:54:34.443 INFO  [main] [] [] com.example.demo.DemoApplication - No active profile set, falling back to 1 default profile: "default"
2026-01-28 16:54:34.937 INFO  [main] [] [] org.apache.coyote.http11.Http11NioProtocol - Initializing ProtocolHandler ["http-nio-8080"]
2026-01-28 16:54:34.939 INFO  [main] [] [] org.apache.catalina.core.StandardService - Starting service [Tomcat]
2026-01-28 16:54:34.939 INFO  [main] [] [] org.apache.catalina.core.StandardEngine - Starting Servlet engine: [Apache Tomcat/10.1.28]
2026-01-28 16:54:34.960 INFO  [main] [] [] o.a.c.core.ContainerBase.[Tomcat].[localhost].[/] - Initializing Spring embedded WebApplicationContext
2026-01-28 16:54:35.353 INFO  [main] [] [] org.apache.coyote.http11.Http11NioProtocol - Starting ProtocolHandler ["http-nio-8080"]
2026-01-28 16:54:35.369 INFO  [main] [] [] com.example.demo.DemoApplication - Started DemoApplication in 1.129 seconds (process running for 1.341)
2026-01-28 16:54:39.375 INFO  [http-nio-8080-exec-1] [] [] o.a.c.core.ContainerBase.[Tomcat].[localhost].[/] - Initializing Spring DispatcherServlet 'dispatcherServlet'
2026-01-28 16:54:39.415 INFO  [http-nio-8080-exec-1] [] [] com.example.demo.controller.UserController - Registered user: testCreateOrder
2026-01-28 16:54:39.422 INFO  [http-nio-8080-exec-1] [] [] com.zaxxer.hikari.HikariDataSource - HikariPool-1 - Starting...
2026-01-28 16:54:39.557 INFO  [http-nio-8080-exec-1] [] [] com.zaxxer.hikari.pool.HikariPool - HikariPool-1 - Added connection com.mysql.cj.jdbc.ConnectionImpl@52dcb23b
2026-01-28 16:54:39.557 INFO  [http-nio-8080-exec-1] [] [] com.zaxxer.hikari.HikariDataSource - HikariPool-1 - Start completed.
2026-01-28 16:55:46.843 INFO  [http-nio-8080-exec-3] [] [] com.example.demo.controller.UserController - Logined user: testCreateOrder
2026-01-28 16:56:26.238 INFO  [http-nio-8080-exec-4] [936e5113-2d2b-46f7-aae4-865b8fbd4fd4] [14] com.example.demo.handler.AuthInterceptor - Already online user:14
2026-01-28 17:10:36.932 INFO  [http-nio-8080-exec-7] [e47bb66e-5086-4edb-87fa-0d3fafe17d7f] [14] com.example.demo.handler.AuthInterceptor - Already online user:14
2026-01-28 17:15:49.720 INFO  [SpringApplicationShutdownHook] [] [] com.zaxxer.hikari.HikariDataSource - HikariPool-1 - Shutdown initiated...
2026-01-28 17:15:49.729 INFO  [SpringApplicationShutdownHook] [] [] com.zaxxer.hikari.HikariDataSource - HikariPool-1 - Shutdown completed.
2026-01-28 17:15:53.054 INFO  [main] [] [] com.example.demo.DemoApplication - Starting DemoApplication using Java 17.0.18 with PID 37812 (/Users/shawluke/IdeaProjects/demo/target/classes started by shawluke in /Users/shawluke/IdeaProjects/demo)
2026-01-28 17:15:53.055 INFO  [main] [] [] com.example.demo.DemoApplication - No active profile set, falling back to 1 default profile: "default"
2026-01-28 17:15:53.654 INFO  [main] [] [] org.apache.coyote.http11.Http11NioProtocol - Initializing ProtocolHandler ["http-nio-8080"]
2026-01-28 17:15:53.656 INFO  [main] [] [] org.apache.catalina.core.StandardService - Starting service [Tomcat]
2026-01-28 17:15:53.656 INFO  [main] [] [] org.apache.catalina.core.StandardEngine - Starting Servlet engine: [Apache Tomcat/10.1.28]
2026-01-28 17:15:53.682 INFO  [main] [] [] o.a.c.core.ContainerBase.[Tomcat].[localhost].[/] - Initializing Spring embedded WebApplicationContext
2026-01-28 17:15:54.144 INFO  [main] [] [] org.apache.coyote.http11.Http11NioProtocol - Starting ProtocolHandler ["http-nio-8080"]
2026-01-28 17:15:54.158 INFO  [main] [] [] com.example.demo.DemoApplication - Started DemoApplication in 1.335 seconds (process running for 1.548)
2026-01-28 17:16:05.804 INFO  [http-nio-8080-exec-1] [] [] o.a.c.core.ContainerBase.[Tomcat].[localhost].[/] - Initializing Spring DispatcherServlet 'dispatcherServlet'
2026-01-28 17:16:05.994 INFO  [http-nio-8080-exec-1] [8012d2cd-c20a-47a8-8bf2-553f194131e0] [14] com.example.demo.handler.AuthInterceptor - Already online user:14
2026-01-28 17:16:06.019 INFO  [http-nio-8080-exec-1] [8012d2cd-c20a-47a8-8bf2-553f194131e0] [14] com.example.demo.controller.OrderController - Creating order for user: OrderReq(userId=null, userName=testCreateOrder, productId=1, quantity=1, totalAmount=1, statusDesc=null)
2026-01-28 17:24:25.461 INFO  [main] [] [] com.example.demo.DemoApplication - Starting DemoApplication using Java 17.0.18 with PID 37904 (/Users/shawluke/IdeaProjects/demo/target/classes started by shawluke in /Users/shawluke/IdeaProjects/demo)
2026-01-28 17:24:25.463 INFO  [main] [] [] com.example.demo.DemoApplication - No active profile set, falling back to 1 default profile: "default"
2026-01-28 17:24:25.961 INFO  [main] [] [] org.apache.coyote.http11.Http11NioProtocol - Initializing ProtocolHandler ["http-nio-8080"]
2026-01-28 17:24:25.963 INFO  [main] [] [] org.apache.catalina.core.StandardService - Starting service [Tomcat]
2026-01-28 17:24:25.963 INFO  [main] [] [] org.apache.catalina.core.StandardEngine - Starting Servlet engine: [Apache Tomcat/10.1.28]
2026-01-28 17:24:25.982 INFO  [main] [] [] o.a.c.core.ContainerBase.[Tomcat].[localhost].[/] - Initializing Spring embedded WebApplicationContext
2026-01-28 17:24:26.377 INFO  [main] [] [] org.apache.coyote.http11.Http11NioProtocol - Starting ProtocolHandler ["http-nio-8080"]
2026-01-28 17:24:26.389 INFO  [main] [] [] com.example.demo.DemoApplication - Started DemoApplication in 1.132 seconds (process running for 1.337)
2026-01-28 17:24:29.572 INFO  [http-nio-8080-exec-1] [] [] o.a.c.core.ContainerBase.[Tomcat].[localhost].[/] - Initializing Spring DispatcherServlet 'dispatcherServlet'
2026-01-28 17:24:29.753 INFO  [http-nio-8080-exec-1] [23b9ef46-428c-4a9a-bcff-846392a5d1b5] [14] com.example.demo.handler.AuthInterceptor - Already online user:14
2026-01-28 17:24:29.778 INFO  [http-nio-8080-exec-1] [23b9ef46-428c-4a9a-bcff-846392a5d1b5] [14] com.example.demo.controller.OrderController - Creating order for user: OrderReq(userId=null, userName=testCreateOrder, productId=1, quantity=1, totalAmount=1, statusDesc=null)
2026-01-28 17:24:29.787 INFO  [http-nio-8080-exec-1] [23b9ef46-428c-4a9a-bcff-846392a5d1b5] [14] com.zaxxer.hikari.HikariDataSource - HikariPool-1 - Starting...
2026-01-28 17:24:29.914 INFO  [http-nio-8080-exec-1] [23b9ef46-428c-4a9a-bcff-846392a5d1b5] [14] com.zaxxer.hikari.pool.HikariPool - HikariPool-1 - Added connection com.mysql.cj.jdbc.ConnectionImpl@6e721094
2026-01-28 17:24:29.915 INFO  [http-nio-8080-exec-1] [23b9ef46-428c-4a9a-bcff-846392a5d1b5] [14] com.zaxxer.hikari.HikariDataSource - HikariPool-1 - Start completed.
2026-01-28 17:28:26.825 INFO  [SpringApplicationShutdownHook] [] [] com.zaxxer.hikari.HikariDataSource - HikariPool-1 - Shutdown initiated...
2026-01-28 17:28:26.834 INFO  [SpringApplicationShutdownHook] [] [] com.zaxxer.hikari.HikariDataSource - HikariPool-1 - Shutdown completed.
2026-01-28 17:28:28.634 INFO  [main] [] [] com.example.demo.DemoApplication - Starting DemoApplication using Java 17.0.18 with PID 37953 (/Users/shawluke/IdeaProjects/demo/target/classes started by shawluke in /Users/shawluke/IdeaProjects/demo)
2026-01-28 17:28:28.635 INFO  [main] [] [] com.example.demo.DemoApplication - No active profile set, falling back to 1 default profile: "default"
2026-01-28 17:28:29.132 INFO  [main] [] [] org.apache.coyote.http11.Http11NioProtocol - Initializing ProtocolHandler ["http-nio-8080"]
2026-01-28 17:28:29.134 INFO  [main] [] [] org.apache.catalina.core.StandardService - Starting service [Tomcat]
2026-01-28 17:28:29.134 INFO  [main] [] [] org.apache.catalina.core.StandardEngine - Starting Servlet engine: [Apache Tomcat/10.1.28]
2026-01-28 17:28:29.154 INFO  [main] [] [] o.a.c.core.ContainerBase.[Tomcat].[localhost].[/] - Initializing Spring embedded WebApplicationContext
2026-01-28 17:28:29.557 INFO  [main] [] [] org.apache.coyote.http11.Http11NioProtocol - Starting ProtocolHandler ["http-nio-8080"]
2026-01-28 17:28:29.569 INFO  [main] [] [] com.example.demo.DemoApplication - Started DemoApplication in 1.143 seconds (process running for 1.348)
2026-01-28 17:28:35.154 INFO  [http-nio-8080-exec-1] [] [] o.a.c.core.ContainerBase.[Tomcat].[localhost].[/] - Initializing Spring DispatcherServlet 'dispatcherServlet'
2026-01-28 17:28:35.190 INFO  [http-nio-8080-exec-1] [] [] com.example.demo.handler.AuthInterceptor - invalid token:eyJhbGciOiJIUzI1NiJ9.eyJzdWIiOiIxNCIsImlhdCI6MTc2OTU5MDU0NiwiZXhwIjoxNzY5NTkyMzQ2fQ.VnaRra6gqDvJlEh9wX6OOl20UnLrSnaiH9j49FhVXgM
2026-01-28 17:28:56.769 INFO  [http-nio-8080-exec-2] [] [] com.example.demo.controller.UserController - Logined user: testCreateOrder
2026-01-28 17:28:56.778 INFO  [http-nio-8080-exec-2] [] [] com.zaxxer.hikari.HikariDataSource - HikariPool-1 - Starting...
2026-01-28 17:28:56.908 INFO  [http-nio-8080-exec-2] [] [] com.zaxxer.hikari.pool.HikariPool - HikariPool-1 - Added connection com.mysql.cj.jdbc.ConnectionImpl@5af104c5
2026-01-28 17:28:56.909 INFO  [http-nio-8080-exec-2] [] [] com.zaxxer.hikari.HikariDataSource - HikariPool-1 - Start completed.
2026-01-28 17:29:22.607 INFO  [http-nio-8080-exec-3] [b535a235-659f-45cd-96cf-427814443431] [14] com.example.demo.handler.AuthInterceptor - Already online user:14
2026-01-28 17:29:22.610 INFO  [http-nio-8080-exec-3] [b535a235-659f-45cd-96cf-427814443431] [14] com.example.demo.controller.OrderController - Creating order for user: OrderReq(userId=null, userName=testCreateOrder, productId=1, quantity=1, totalAmount=1, statusDesc=null)
2026-01-28 17:29:22.668 ERROR [http-nio-8080-exec-3] [b535a235-659f-45cd-96cf-427814443431] [14] com.example.demo.service.OrderService - Failed to create order: 
### Error updating database.  Cause: java.sql.SQLIntegrityConstraintViolationException: Column 'created_at' cannot be null
### The error may exist in file [/Users/shawluke/IdeaProjects/demo/target/classes/mapper/OrderMapper.xml]
### The error may involve com.example.demo.mapper.OrderMapper.insert-Inline
### The error occurred while setting parameters
### SQL: insert into orders (id, order_no, user_id,        product_id, quantity, total_amount,        status, created_at, updated_at       )     values (?, ?, ?,        ?, ?, ?,        ?, ?, ?       )
### Cause: java.sql.SQLIntegrityConstraintViolationException: Column 'created_at' cannot be null
; Column 'created_at' cannot be null
2026-01-28 17:38:40.360 INFO  [SpringApplicationShutdownHook] [] [] com.zaxxer.hikari.HikariDataSource - HikariPool-1 - Shutdown initiated...
2026-01-28 17:38:40.368 INFO  [SpringApplicationShutdownHook] [] [] com.zaxxer.hikari.HikariDataSource - HikariPool-1 - Shutdown completed.
2026-01-28 17:38:42.117 INFO  [main] [] [] com.example.demo.DemoApplication - Starting DemoApplication using Java 17.0.18 with PID 38085 (/Users/shawluke/IdeaProjects/demo/target/classes started by shawluke in /Users/shawluke/IdeaProjects/demo)
2026-01-28 17:38:42.118 INFO  [main] [] [] com.example.demo.DemoApplication - No active profile set, falling back to 1 default profile: "default"
2026-01-28 17:38:42.604 INFO  [main] [] [] org.apache.coyote.http11.Http11NioProtocol - Initializing ProtocolHandler ["http-nio-8080"]
2026-01-28 17:38:42.606 INFO  [main] [] [] org.apache.catalina.core.StandardService - Starting service [Tomcat]
2026-01-28 17:38:42.606 INFO  [main] [] [] org.apache.catalina.core.StandardEngine - Starting Servlet engine: [Apache Tomcat/10.1.28]
2026-01-28 17:38:42.626 INFO  [main] [] [] o.a.c.core.ContainerBase.[Tomcat].[localhost].[/] - Initializing Spring embedded WebApplicationContext
2026-01-28 17:38:43.037 INFO  [main] [] [] org.apache.coyote.http11.Http11NioProtocol - Starting ProtocolHandler ["http-nio-8080"]
2026-01-28 17:38:43.054 INFO  [main] [] [] com.example.demo.DemoApplication - Started DemoApplication in 1.138 seconds (process running for 1.347)
2026-01-28 17:38:46.523 INFO  [http-nio-8080-exec-1] [] [] o.a.c.core.ContainerBase.[Tomcat].[localhost].[/] - Initializing Spring DispatcherServlet 'dispatcherServlet'
2026-01-28 17:38:46.719 INFO  [http-nio-8080-exec-1] [a65dc65b-ca2b-44d5-8cb1-764cdb5497d0] [14] com.example.demo.handler.AuthInterceptor - Already online user:14
2026-01-28 17:38:46.743 INFO  [http-nio-8080-exec-1] [a65dc65b-ca2b-44d5-8cb1-764cdb5497d0] [14] com.example.demo.controller.OrderController - Creating order for user: OrderReq(userId=null, userName=testCreateOrder, productId=1, quantity=1, totalAmount=1, statusDesc=null)
2026-01-28 17:38:46.751 INFO  [http-nio-8080-exec-1] [a65dc65b-ca2b-44d5-8cb1-764cdb5497d0] [14] com.zaxxer.hikari.HikariDataSource - HikariPool-1 - Starting...
2026-01-28 17:38:46.876 INFO  [http-nio-8080-exec-1] [a65dc65b-ca2b-44d5-8cb1-764cdb5497d0] [14] com.zaxxer.hikari.pool.HikariPool - HikariPool-1 - Added connection com.mysql.cj.jdbc.ConnectionImpl@2255fe6b
2026-01-28 17:38:46.881 INFO  [http-nio-8080-exec-1] [a65dc65b-ca2b-44d5-8cb1-764cdb5497d0] [14] com.zaxxer.hikari.HikariDataSource - HikariPool-1 - Start completed.
2026-01-28 17:38:46.947 ERROR [http-nio-8080-exec-1] [a65dc65b-ca2b-44d5-8cb1-764cdb5497d0] [14] com.example.demo.service.OrderService - Failed to create order: 
### Error updating database.  Cause: java.sql.SQLIntegrityConstraintViolationException: Column 'created_at' cannot be null
### The error may exist in file [/Users/shawluke/IdeaProjects/demo/target/classes/mapper/OrderMapper.xml]
### The error may involve com.example.demo.mapper.OrderMapper.insert-Inline
### The error occurred while setting parameters
### SQL: insert into orders (id, order_no, user_id,        product_id, quantity, total_amount,        status, created_at, updated_at       )     values (?, ?, ?,        ?, ?, ?,        ?, ?, ?       )
### Cause: java.sql.SQLIntegrityConstraintViolationException: Column 'created_at' cannot be null
; Column 'created_at' cannot be null
2026-01-28 17:41:45.224 INFO  [SpringApplicationShutdownHook] [] [] com.zaxxer.hikari.HikariDataSource - HikariPool-1 - Shutdown initiated...
2026-01-28 17:41:45.232 INFO  [SpringApplicationShutdownHook] [] [] com.zaxxer.hikari.HikariDataSource - HikariPool-1 - Shutdown completed.
2026-01-28 17:41:46.987 INFO  [main] [] [] com.example.demo.DemoApplication - Starting DemoApplication using Java 17.0.18 with PID 38133 (/Users/shawluke/IdeaProjects/demo/target/classes started by shawluke in /Users/shawluke/IdeaProjects/demo)
2026-01-28 17:41:46.988 INFO  [main] [] [] com.example.demo.DemoApplication - No active profile set, falling back to 1 default profile: "default"
2026-01-28 17:41:47.476 INFO  [main] [] [] org.apache.coyote.http11.Http11NioProtocol - Initializing ProtocolHandler ["http-nio-8080"]
2026-01-28 17:41:47.477 INFO  [main] [] [] org.apache.catalina.core.StandardService - Starting service [Tomcat]
2026-01-28 17:41:47.477 INFO  [main] [] [] org.apache.catalina.core.StandardEngine - Starting Servlet engine: [Apache Tomcat/10.1.28]
2026-01-28 17:41:47.496 INFO  [main] [] [] o.a.c.core.ContainerBase.[Tomcat].[localhost].[/] - Initializing Spring embedded WebApplicationContext
2026-01-28 17:41:47.896 INFO  [main] [] [] org.apache.coyote.http11.Http11NioProtocol - Starting ProtocolHandler ["http-nio-8080"]
2026-01-28 17:41:47.915 INFO  [main] [] [] com.example.demo.DemoApplication - Started DemoApplication in 1.131 seconds (process running for 1.34)
2026-01-28 17:41:54.912 INFO  [http-nio-8080-exec-1] [] [] o.a.c.core.ContainerBase.[Tomcat].[localhost].[/] - Initializing Spring DispatcherServlet 'dispatcherServlet'
2026-01-28 17:41:55.099 INFO  [http-nio-8080-exec-1] [39119742-c8f5-48e6-817a-09a0ec6ab4d4] [14] com.example.demo.handler.AuthInterceptor - Already online user:14
2026-01-28 17:41:55.124 INFO  [http-nio-8080-exec-1] [39119742-c8f5-48e6-817a-09a0ec6ab4d4] [14] com.example.demo.controller.OrderController - Creating order for user: OrderReq(userId=null, userName=testCreateOrder, productId=1, quantity=1, totalAmount=1, statusDesc=null)
2026-01-28 17:41:55.132 INFO  [http-nio-8080-exec-1] [39119742-c8f5-48e6-817a-09a0ec6ab4d4] [14] com.zaxxer.hikari.HikariDataSource - HikariPool-1 - Starting...
2026-01-28 17:41:55.256 INFO  [http-nio-8080-exec-1] [39119742-c8f5-48e6-817a-09a0ec6ab4d4] [14] com.zaxxer.hikari.pool.HikariPool - HikariPool-1 - Added connection com.mysql.cj.jdbc.ConnectionImpl@60346fc3
2026-01-28 17:41:55.257 INFO  [http-nio-8080-exec-1] [39119742-c8f5-48e6-817a-09a0ec6ab4d4] [14] com.zaxxer.hikari.HikariDataSource - HikariPool-1 - Start completed.
2026-01-28 17:41:55.321 ERROR [http-nio-8080-exec-1] [39119742-c8f5-48e6-817a-09a0ec6ab4d4] [14] com.example.demo.service.OrderService - Failed to create order: 
### Error updating database.  Cause: java.sql.SQLIntegrityConstraintViolationException: Column 'created_at' cannot be null
### The error may exist in file [/Users/shawluke/IdeaProjects/demo/target/classes/mapper/OrderMapper.xml]
### The error may involve com.example.demo.mapper.OrderMapper.insert-Inline
### The error occurred while setting parameters
### SQL: insert into orders (id, order_no, user_id,        product_id, quantity, total_amount,        status, created_at, updated_at       )     values (?, ?, ?,        ?, ?, ?,        ?, ?, ?       )
### Cause: java.sql.SQLIntegrityConstraintViolationException: Column 'created_at' cannot be null
; Column 'created_at' cannot be null
2026-01-28 17:45:19.563 INFO  [SpringApplicationShutdownHook] [] [] com.zaxxer.hikari.HikariDataSource - HikariPool-1 - Shutdown initiated...
2026-01-28 17:45:19.570 INFO  [SpringApplicationShutdownHook] [] [] com.zaxxer.hikari.HikariDataSource - HikariPool-1 - Shutdown completed.
2026-01-28 17:45:21.236 INFO  [main] [] [] com.example.demo.DemoApplication - Starting DemoApplication using Java 17.0.18 with PID 38180 (/Users/shawluke/IdeaProjects/demo/target/classes started by shawluke in /Users/shawluke/IdeaProjects/demo)
2026-01-28 17:45:21.237 INFO  [main] [] [] com.example.demo.DemoApplication - No active profile set, falling back to 1 default profile: "default"
2026-01-28 17:45:21.721 INFO  [main] [] [] org.apache.coyote.http11.Http11NioProtocol - Initializing ProtocolHandler ["http-nio-8080"]
2026-01-28 17:45:21.723 INFO  [main] [] [] org.apache.catalina.core.StandardService - Starting service [Tomcat]
2026-01-28 17:45:21.723 INFO  [main] [] [] org.apache.catalina.core.StandardEngine - Starting Servlet engine: [Apache Tomcat/10.1.28]
2026-01-28 17:45:21.742 INFO  [main] [] [] o.a.c.core.ContainerBase.[Tomcat].[localhost].[/] - Initializing Spring embedded WebApplicationContext
2026-01-28 17:45:22.176 INFO  [main] [] [] org.apache.coyote.http11.Http11NioProtocol - Starting ProtocolHandler ["http-nio-8080"]
2026-01-28 17:45:22.190 INFO  [main] [] [] com.example.demo.DemoApplication - Started DemoApplication in 1.154 seconds (process running for 1.36)
2026-01-28 17:45:24.892 INFO  [http-nio-8080-exec-1] [] [] o.a.c.core.ContainerBase.[Tomcat].[localhost].[/] - Initializing Spring DispatcherServlet 'dispatcherServlet'
2026-01-28 17:45:25.072 INFO  [http-nio-8080-exec-1] [3ce196f8-4c39-41bb-8dc9-33b8999f7b53] [14] com.example.demo.handler.AuthInterceptor - Already online user:14
2026-01-28 17:45:25.096 INFO  [http-nio-8080-exec-1] [3ce196f8-4c39-41bb-8dc9-33b8999f7b53] [14] com.example.demo.controller.OrderController - Creating order for user: OrderReq(userId=null, userName=testCreateOrder, productId=1, quantity=1, totalAmount=1, statusDesc=null)
2026-01-28 17:45:25.099 INFO  [http-nio-8080-exec-1] [3ce196f8-4c39-41bb-8dc9-33b8999f7b53] [14] com.zaxxer.hikari.HikariDataSource - HikariPool-1 - Starting...
2026-01-28 17:45:25.223 INFO  [http-nio-8080-exec-1] [3ce196f8-4c39-41bb-8dc9-33b8999f7b53] [14] com.zaxxer.hikari.pool.HikariPool - HikariPool-1 - Added connection com.mysql.cj.jdbc.ConnectionImpl@7455e18c
2026-01-28 17:45:25.223 INFO  [http-nio-8080-exec-1] [3ce196f8-4c39-41bb-8dc9-33b8999f7b53] [14] com.zaxxer.hikari.HikariDataSource - HikariPool-1 - Start completed.
2026-01-28 17:45:25.297 ERROR [http-nio-8080-exec-1] [3ce196f8-4c39-41bb-8dc9-33b8999f7b53] [14] com.example.demo.service.OrderService - Failed to create order: 
### Error updating database.  Cause: java.sql.SQLIntegrityConstraintViolationException: Column 'created_at' cannot be null
### The error may exist in file [/Users/shawluke/IdeaProjects/demo/target/classes/mapper/OrderMapper.xml]
### The error may involve com.example.demo.mapper.OrderMapper.insert-Inline
### The error occurred while setting parameters
### SQL: insert into orders (id, order_no, user_id,        product_id, quantity, total_amount,        status, created_at, updated_at       )     values (?, ?, ?,        ?, ?, ?,        ?, ?, ?       )
### Cause: java.sql.SQLIntegrityConstraintViolationException: Column 'created_at' cannot be null
; Column 'created_at' cannot be null
2026-01-28 17:47:47.210 INFO  [SpringApplicationShutdownHook] [] [] com.zaxxer.hikari.HikariDataSource - HikariPool-1 - Shutdown initiated...
2026-01-28 17:47:47.218 INFO  [SpringApplicationShutdownHook] [] [] com.zaxxer.hikari.HikariDataSource - HikariPool-1 - Shutdown completed.
2026-01-28 17:47:48.418 INFO  [main] [] [] com.example.demo.DemoApplication - Starting DemoApplication using Java 17.0.18 with PID 38208 (/Users/shawluke/IdeaProjects/demo/target/classes started by shawluke in /Users/shawluke/IdeaProjects/demo)
2026-01-28 17:47:48.419 INFO  [main] [] [] com.example.demo.DemoApplication - No active profile set, falling back to 1 default profile: "default"
2026-01-28 17:47:48.915 INFO  [main] [] [] org.apache.coyote.http11.Http11NioProtocol - Initializing ProtocolHandler ["http-nio-8080"]
2026-01-28 17:47:48.916 INFO  [main] [] [] org.apache.catalina.core.StandardService - Starting service [Tomcat]
2026-01-28 17:47:48.916 INFO  [main] [] [] org.apache.catalina.core.StandardEngine - Starting Servlet engine: [Apache Tomcat/10.1.28]
2026-01-28 17:47:48.935 INFO  [main] [] [] o.a.c.core.ContainerBase.[Tomcat].[localhost].[/] - Initializing Spring embedded WebApplicationContext
2026-01-28 17:47:49.354 INFO  [main] [] [] org.apache.coyote.http11.Http11NioProtocol - Starting ProtocolHandler ["http-nio-8080"]
2026-01-28 17:47:49.367 INFO  [main] [] [] com.example.demo.DemoApplication - Started DemoApplication in 1.159 seconds (process running for 1.367)
2026-01-28 17:47:54.837 INFO  [http-nio-8080-exec-1] [] [] o.a.c.core.ContainerBase.[Tomcat].[localhost].[/] - Initializing Spring DispatcherServlet 'dispatcherServlet'
2026-01-28 17:47:55.022 INFO  [http-nio-8080-exec-1] [602efc78-8a3c-4d8f-91e0-50e374354ad8] [14] com.example.demo.handler.AuthInterceptor - Already online user:14
2026-01-28 17:47:55.047 INFO  [http-nio-8080-exec-1] [602efc78-8a3c-4d8f-91e0-50e374354ad8] [14] com.example.demo.controller.OrderController - Creating order for user: OrderReq(userId=null, userName=testCreateOrder, productId=1, quantity=1, totalAmount=1, statusDesc=null)
2026-01-28 17:47:55.049 INFO  [http-nio-8080-exec-1] [602efc78-8a3c-4d8f-91e0-50e374354ad8] [14] com.zaxxer.hikari.HikariDataSource - HikariPool-1 - Starting...
2026-01-28 17:47:55.172 INFO  [http-nio-8080-exec-1] [602efc78-8a3c-4d8f-91e0-50e374354ad8] [14] com.zaxxer.hikari.pool.HikariPool - HikariPool-1 - Added connection com.mysql.cj.jdbc.ConnectionImpl@6f908fca
2026-01-28 17:47:55.173 INFO  [http-nio-8080-exec-1] [602efc78-8a3c-4d8f-91e0-50e374354ad8] [14] com.zaxxer.hikari.HikariDataSource - HikariPool-1 - Start completed.
2026-01-28 17:47:55.250 ERROR [http-nio-8080-exec-1] [602efc78-8a3c-4d8f-91e0-50e374354ad8] [14] com.example.demo.service.OrderService - Failed to create order: 
### Error updating database.  Cause: java.sql.SQLIntegrityConstraintViolationException: Column 'created_at' cannot be null
### The error may exist in file [/Users/shawluke/IdeaProjects/demo/target/classes/mapper/OrderMapper.xml]
### The error may involve com.example.demo.mapper.OrderMapper.insert-Inline
### The error occurred while setting parameters
### SQL: insert into orders (id, order_no, user_id,        product_id, quantity, total_amount,        status, created_at, updated_at       )     values (?, ?, ?,        ?, ?, ?,        ?, ?, ?       )
### Cause: java.sql.SQLIntegrityConstraintViolationException: Column 'created_at' cannot be null
; Column 'created_at' cannot be null
2026-01-28 17:48:24.327 INFO  [SpringApplicationShutdownHook] [] [] com.zaxxer.hikari.HikariDataSource - HikariPool-1 - Shutdown initiated...
2026-01-28 17:48:24.334 INFO  [SpringApplicationShutdownHook] [] [] com.zaxxer.hikari.HikariDataSource - HikariPool-1 - Shutdown completed.
2026-01-28 17:48:26.829 INFO  [main] [] [] com.example.demo.DemoApplication - Starting DemoApplication using Java 17.0.18 with PID 38371 (/Users/shawluke/IdeaProjects/demo/target/classes started by shawluke in /Users/shawluke/IdeaProjects/demo)
2026-01-28 17:48:26.831 INFO  [main] [] [] com.example.demo.DemoApplication - No active profile set, falling back to 1 default profile: "default"
2026-01-28 17:48:27.330 INFO  [main] [] [] org.apache.coyote.http11.Http11NioProtocol - Initializing ProtocolHandler ["http-nio-8080"]
2026-01-28 17:48:27.331 INFO  [main] [] [] org.apache.catalina.core.StandardService - Starting service [Tomcat]
2026-01-28 17:48:27.332 INFO  [main] [] [] org.apache.catalina.core.StandardEngine - Starting Servlet engine: [Apache Tomcat/10.1.28]
2026-01-28 17:48:27.354 INFO  [main] [] [] o.a.c.core.ContainerBase.[Tomcat].[localhost].[/] - Initializing Spring embedded WebApplicationContext
2026-01-28 17:48:27.779 INFO  [main] [] [] org.apache.coyote.http11.Http11NioProtocol - Starting ProtocolHandler ["http-nio-8080"]
2026-01-28 17:48:27.791 INFO  [main] [] [] com.example.demo.DemoApplication - Started DemoApplication in 1.229 seconds (process running for 1.45)
2026-01-28 17:48:32.156 INFO  [http-nio-8080-exec-1] [] [] o.a.c.core.ContainerBase.[Tomcat].[localhost].[/] - Initializing Spring DispatcherServlet 'dispatcherServlet'
2026-01-28 17:48:32.339 INFO  [http-nio-8080-exec-1] [98c553d3-3ed1-47a3-97bf-f81c99a7e6ab] [14] com.example.demo.handler.AuthInterceptor - Already online user:14
2026-01-28 17:48:32.364 INFO  [http-nio-8080-exec-1] [98c553d3-3ed1-47a3-97bf-f81c99a7e6ab] [14] com.example.demo.controller.OrderController - Creating order for user: OrderReq(userId=null, userName=testCreateOrder, productId=1, quantity=1, totalAmount=1, statusDesc=null)
2026-01-28 17:48:32.366 INFO  [http-nio-8080-exec-1] [98c553d3-3ed1-47a3-97bf-f81c99a7e6ab] [14] com.zaxxer.hikari.HikariDataSource - HikariPool-1 - Starting...
2026-01-28 17:48:32.485 INFO  [http-nio-8080-exec-1] [98c553d3-3ed1-47a3-97bf-f81c99a7e6ab] [14] com.zaxxer.hikari.pool.HikariPool - HikariPool-1 - Added connection com.mysql.cj.jdbc.ConnectionImpl@250bab1d
2026-01-28 17:48:32.486 INFO  [http-nio-8080-exec-1] [98c553d3-3ed1-47a3-97bf-f81c99a7e6ab] [14] com.zaxxer.hikari.HikariDataSource - HikariPool-1 - Start completed.
2026-01-28 17:48:32.565 ERROR [http-nio-8080-exec-1] [98c553d3-3ed1-47a3-97bf-f81c99a7e6ab] [14] com.example.demo.service.OrderService - Failed to create order: 
### Error updating database.  Cause: java.sql.SQLIntegrityConstraintViolationException: Column 'created_at' cannot be null
### The error may exist in file [/Users/shawluke/IdeaProjects/demo/target/classes/mapper/OrderMapper.xml]
### The error may involve com.example.demo.mapper.OrderMapper.insert-Inline
### The error occurred while setting parameters
### SQL: insert into orders (id, order_no, user_id,        product_id, quantity, total_amount,        status, created_at, updated_at       )     values (?, ?, ?,        ?, ?, ?,        ?, ?, ?       )
### Cause: java.sql.SQLIntegrityConstraintViolationException: Column 'created_at' cannot be null
; Column 'created_at' cannot be null
2026-01-28 17:49:17.208 INFO  [SpringApplicationShutdownHook] [] [] com.zaxxer.hikari.HikariDataSource - HikariPool-1 - Shutdown initiated...
2026-01-28 17:49:17.215 INFO  [SpringApplicationShutdownHook] [] [] com.zaxxer.hikari.HikariDataSource - HikariPool-1 - Shutdown completed.
2026-01-28 17:49:18.825 INFO  [main] [] [] com.example.demo.DemoApplication - Starting DemoApplication using Java 17.0.18 with PID 38401 (/Users/shawluke/IdeaProjects/demo/target/classes started by shawluke in /Users/shawluke/IdeaProjects/demo)
2026-01-28 17:49:18.826 INFO  [main] [] [] com.example.demo.DemoApplication - No active profile set, falling back to 1 default profile: "default"
2026-01-28 17:49:19.342 INFO  [main] [] [] org.apache.coyote.http11.Http11NioProtocol - Initializing ProtocolHandler ["http-nio-8080"]
2026-01-28 17:49:19.343 INFO  [main] [] [] org.apache.catalina.core.StandardService - Starting service [Tomcat]
2026-01-28 17:49:19.343 INFO  [main] [] [] org.apache.catalina.core.StandardEngine - Starting Servlet engine: [Apache Tomcat/10.1.28]
2026-01-28 17:49:19.364 INFO  [main] [] [] o.a.c.core.ContainerBase.[Tomcat].[localhost].[/] - Initializing Spring embedded WebApplicationContext
2026-01-28 17:49:19.775 INFO  [main] [] [] org.apache.coyote.http11.Http11NioProtocol - Starting ProtocolHandler ["http-nio-8080"]
2026-01-28 17:49:19.788 INFO  [main] [] [] com.example.demo.DemoApplication - Started DemoApplication in 1.165 seconds (process running for 1.37)
2026-01-28 17:49:27.857 INFO  [http-nio-8080-exec-1] [] [] o.a.c.core.ContainerBase.[Tomcat].[localhost].[/] - Initializing Spring DispatcherServlet 'dispatcherServlet'
2026-01-28 17:49:28.041 INFO  [http-nio-8080-exec-1] [e671e733-207f-4044-b340-94015592939b] [14] com.example.demo.handler.AuthInterceptor - Already online user:14
2026-01-28 17:49:28.066 INFO  [http-nio-8080-exec-1] [e671e733-207f-4044-b340-94015592939b] [14] com.example.demo.controller.OrderController - Creating order for user: OrderReq(userId=null, userName=testCreateOrder, productId=1, quantity=1, totalAmount=1, statusDesc=null)
2026-01-28 17:49:28.069 INFO  [http-nio-8080-exec-1] [e671e733-207f-4044-b340-94015592939b] [14] com.zaxxer.hikari.HikariDataSource - HikariPool-1 - Starting...
2026-01-28 17:49:28.192 INFO  [http-nio-8080-exec-1] [e671e733-207f-4044-b340-94015592939b] [14] com.zaxxer.hikari.pool.HikariPool - HikariPool-1 - Added connection com.mysql.cj.jdbc.ConnectionImpl@541dab58
2026-01-28 17:49:28.193 INFO  [http-nio-8080-exec-1] [e671e733-207f-4044-b340-94015592939b] [14] com.zaxxer.hikari.HikariDataSource - HikariPool-1 - Start completed.
2026-01-28 17:49:28.286 ERROR [http-nio-8080-exec-1] [e671e733-207f-4044-b340-94015592939b] [14] com.example.demo.service.OrderService - Failed to create order: 
### Error updating database.  Cause: java.sql.SQLIntegrityConstraintViolationException: Column 'created_at' cannot be null
### The error may exist in com/example/demo/mapper/OrderMapper.java (best guess)
### The error may involve com.example.demo.mapper.OrderMapper.insert-Inline
### The error occurred while setting parameters
### SQL: INSERT INTO orders  ( id, order_no, user_id, product_id, quantity, total_amount, status, created_at, updated_at )  VALUES (  ?, ?, ?, ?, ?, ?, ?, ?, ?  )
### Cause: java.sql.SQLIntegrityConstraintViolationException: Column 'created_at' cannot be null
; Column 'created_at' cannot be null
2026-01-28 17:57:52.273 INFO  [SpringApplicationShutdownHook] [] [] com.zaxxer.hikari.HikariDataSource - HikariPool-1 - Shutdown initiated...
2026-01-28 17:57:52.284 INFO  [SpringApplicationShutdownHook] [] [] com.zaxxer.hikari.HikariDataSource - HikariPool-1 - Shutdown completed.
2026-01-28 17:57:54.114 INFO  [main] [] [] com.example.demo.DemoApplication - Starting DemoApplication using Java 17.0.18 with PID 38489 (/Users/shawluke/IdeaProjects/demo/target/classes started by shawluke in /Users/shawluke/IdeaProjects/demo)
2026-01-28 17:57:54.115 INFO  [main] [] [] com.example.demo.DemoApplication - No active profile set, falling back to 1 default profile: "default"
2026-01-28 17:57:54.614 INFO  [main] [] [] org.apache.coyote.http11.Http11NioProtocol - Initializing ProtocolHandler ["http-nio-8080"]
2026-01-28 17:57:54.615 INFO  [main] [] [] org.apache.catalina.core.StandardService - Starting service [Tomcat]
2026-01-28 17:57:54.616 INFO  [main] [] [] org.apache.catalina.core.StandardEngine - Starting Servlet engine: [Apache Tomcat/10.1.28]
2026-01-28 17:57:54.635 INFO  [main] [] [] o.a.c.core.ContainerBase.[Tomcat].[localhost].[/] - Initializing Spring embedded WebApplicationContext
2026-01-28 17:57:55.039 INFO  [main] [] [] org.apache.coyote.http11.Http11NioProtocol - Starting ProtocolHandler ["http-nio-8080"]
2026-01-28 17:57:55.051 INFO  [main] [] [] com.example.demo.DemoApplication - Started DemoApplication in 1.136 seconds (process running for 1.35)
2026-01-28 17:57:57.893 INFO  [http-nio-8080-exec-1] [] [] o.a.c.core.ContainerBase.[Tomcat].[localhost].[/] - Initializing Spring DispatcherServlet 'dispatcherServlet'
2026-01-28 17:57:58.080 INFO  [http-nio-8080-exec-1] [33ef8e7a-4835-4f0a-9e88-d85aa0c98ef1] [14] com.example.demo.handler.AuthInterceptor - Already online user:14
2026-01-28 17:57:58.106 INFO  [http-nio-8080-exec-1] [33ef8e7a-4835-4f0a-9e88-d85aa0c98ef1] [14] com.example.demo.controller.OrderController - Creating order for user: OrderReq(userId=null, userName=testCreateOrder, productId=1, quantity=1, totalAmount=1, statusDesc=null)
2026-01-28 17:57:58.108 INFO  [http-nio-8080-exec-1] [33ef8e7a-4835-4f0a-9e88-d85aa0c98ef1] [14] com.zaxxer.hikari.HikariDataSource - HikariPool-1 - Starting...
2026-01-28 17:57:58.232 INFO  [http-nio-8080-exec-1] [33ef8e7a-4835-4f0a-9e88-d85aa0c98ef1] [14] com.zaxxer.hikari.pool.HikariPool - HikariPool-1 - Added connection com.mysql.cj.jdbc.ConnectionImpl@4b946a64
2026-01-28 17:57:58.232 INFO  [http-nio-8080-exec-1] [33ef8e7a-4835-4f0a-9e88-d85aa0c98ef1] [14] com.zaxxer.hikari.HikariDataSource - HikariPool-1 - Start completed.
2026-01-28 17:58:16.787 INFO  [http-nio-8080-exec-2] [75afeb34-4501-4600-893d-d50ac3b0e62f] [14] com.example.demo.handler.AuthInterceptor - Already online user:14
2026-01-28 17:58:16.788 INFO  [http-nio-8080-exec-2] [75afeb34-4501-4600-893d-d50ac3b0e62f] [14] com.example.demo.controller.OrderController - Creating order for user: OrderReq(userId=null, userName=testCreateOrder, productId=1, quantity=1, totalAmount=1, statusDesc=null)
2026-01-28 18:57:16.828 WARN  [HikariPool-1 housekeeper] [] [] com.zaxxer.hikari.pool.HikariPool - HikariPool-1 - Thread starvation or clock leap detected (housekeeper delta=15m47s912ms).
2026-01-28 19:04:16.424 WARN  [HikariPool-1 housekeeper] [] [] com.zaxxer.hikari.pool.HikariPool - HikariPool-1 - Thread starvation or clock leap detected (housekeeper delta=6m29s588ms).
2026-01-28 19:07:00.092 WARN  [HikariPool-1 housekeeper] [] [] com.zaxxer.hikari.pool.HikariPool - HikariPool-1 - Thread starvation or clock leap detected (housekeeper delta=2m13s659ms).
2026-01-28 19:32:35.763 WARN  [HikariPool-1 housekeeper] [] [] com.zaxxer.hikari.pool.HikariPool - HikariPool-1 - Thread starvation or clock leap detected (housekeeper delta=1m5s466ms).
2026-01-28 19:34:22.106 WARN  [HikariPool-1 housekeeper] [] [] com.zaxxer.hikari.pool.HikariPool - HikariPool-1 - Thread starvation or clock leap detected (housekeeper delta=1m46s343ms).
2026-01-28 21:59:18.279 INFO  [SpringApplicationShutdownHook] [] [] com.zaxxer.hikari.HikariDataSource - HikariPool-1 - Shutdown initiated...
2026-01-28 21:59:18.290 INFO  [SpringApplicationShutdownHook] [] [] com.zaxxer.hikari.HikariDataSource - HikariPool-1 - Shutdown completed.
2026-01-28 22:24:58.694 INFO  [main] [] [] com.example.demo.DemoApplication - Starting DemoApplication using Java 17.0.18 with PID 41475 (/Users/shawluke/IdeaProjects/demo/target/classes started by shawluke in /Users/shawluke/IdeaProjects/demo)
2026-01-28 22:24:58.694 INFO  [main] [] [] com.example.demo.DemoApplication - No active profile set, falling back to 1 default profile: "default"
2026-01-28 22:24:59.226 INFO  [main] [] [] org.apache.coyote.http11.Http11NioProtocol - Initializing ProtocolHandler ["http-nio-8080"]
2026-01-28 22:24:59.228 INFO  [main] [] [] org.apache.catalina.core.StandardService - Starting service [Tomcat]
2026-01-28 22:24:59.228 INFO  [main] [] [] org.apache.catalina.core.StandardEngine - Starting Servlet engine: [Apache Tomcat/10.1.28]
2026-01-28 22:24:59.250 INFO  [main] [] [] o.a.c.core.ContainerBase.[Tomcat].[localhost].[/] - Initializing Spring embedded WebApplicationContext
2026-01-28 22:24:59.416 WARN  [main] [] [] o.s.b.w.s.c.AnnotationConfigServletWebServerApplicationContext - Exception encountered during context initialization - cancelling refresh attempt: org.springframework.beans.factory.UnsatisfiedDependencyException: Error creating bean with name 'orderController': Unsatisfied dependency expressed through field 'orderService': Error creating bean with name 'orderService': Unsatisfied dependency expressed through field 'orderMapper': Error creating bean with name 'orderMapper' defined in file [/Users/shawluke/IdeaProjects/demo/target/classes/com/example/demo/mapper/OrderMapper.class]: Unsatisfied dependency expressed through bean property 'sqlSessionFactory': Error creating bean with name 'sqlSessionFactory' defined in class path resource [com/baomidou/mybatisplus/autoconfigure/MybatisPlusAutoConfiguration.class]: Failed to instantiate [org.apache.ibatis.session.SqlSessionFactory]: Factory method 'sqlSessionFactory' threw exception with message: com.baomidou.mybatisplus.core.spi.CompatibleSet: com.baomidou.mybatisplus.extension.spi.SpringCompatibleSet not a subtype
2026-01-28 22:24:59.422 INFO  [main] [] [] org.apache.catalina.core.StandardService - Stopping service [Tomcat]
2026-01-28 22:24:59.435 ERROR [main] [] [] org.springframework.boot.SpringApplication - Application run failed
org.springframework.beans.factory.UnsatisfiedDependencyException: Error creating bean with name 'orderController': Unsatisfied dependency expressed through field 'orderService': Error creating bean with name 'orderService': Unsatisfied dependency expressed through field 'orderMapper': Error creating bean with name 'orderMapper' defined in file [/Users/shawluke/IdeaProjects/demo/target/classes/com/example/demo/mapper/OrderMapper.class]: Unsatisfied dependency expressed through bean property 'sqlSessionFactory': Error creating bean with name 'sqlSessionFactory' defined in class path resource [com/baomidou/mybatisplus/autoconfigure/MybatisPlusAutoConfiguration.class]: Failed to instantiate [org.apache.ibatis.session.SqlSessionFactory]: Factory method 'sqlSessionFactory' threw exception with message: com.baomidou.mybatisplus.core.spi.CompatibleSet: com.baomidou.mybatisplus.extension.spi.SpringCompatibleSet not a subtype
	at org.springframework.beans.factory.annotation.AutowiredAnnotationBeanPostProcessor$AutowiredFieldElement.resolveFieldValue(AutowiredAnnotationBeanPostProcessor.java:788)
	at org.springframework.beans.factory.annotation.AutowiredAnnotationBeanPostProcessor$AutowiredFieldElement.inject(AutowiredAnnotationBeanPostProcessor.java:768)
	at org.springframework.beans.factory.annotation.InjectionMetadata.inject(InjectionMetadata.java:145)
	at org.springframework.beans.factory.annotation.AutowiredAnnotationBeanPostProcessor.postProcessProperties(AutowiredAnnotationBeanPostProcessor.java:509)
	at org.springframework.beans.factory.support.AbstractAutowireCapableBeanFactory.populateBean(AbstractAutowireCapableBeanFactory.java:1439)
	at org.springframework.beans.factory.support.AbstractAutowireCapableBeanFactory.doCreateBean(AbstractAutowireCapableBeanFactory.java:599)
	at org.springframework.beans.factory.support.AbstractAutowireCapableBeanFactory.createBean(AbstractAutowireCapableBeanFactory.java:522)
	at org.springframework.beans.factory.support.AbstractBeanFactory.lambda$doGetBean$0(AbstractBeanFactory.java:337)
	at org.springframework.beans.factory.support.DefaultSingletonBeanRegistry.getSingleton(DefaultSingletonBeanRegistry.java:234)
	at org.springframework.beans.factory.support.AbstractBeanFactory.doGetBean(AbstractBeanFactory.java:335)
	at org.springframework.beans.factory.support.AbstractBeanFactory.getBean(AbstractBeanFactory.java:200)
	at org.springframework.beans.factory.support.DefaultListableBeanFactory.preInstantiateSingletons(DefaultListableBeanFactory.java:975)
	at org.springframework.context.support.AbstractApplicationContext.finishBeanFactoryInitialization(AbstractApplicationContext.java:971)
	at org.springframework.context.support.AbstractApplicationContext.refresh(AbstractApplicationContext.java:625)
	at org.springframework.boot.web.servlet.context.ServletWebServerApplicationContext.refresh(ServletWebServerApplicationContext.java:146)
	at org.springframework.boot.SpringApplication.refresh(SpringApplication.java:754)
	at org.springframework.boot.SpringApplication.refreshContext(SpringApplication.java:456)
	at org.springframework.boot.SpringApplication.run(SpringApplication.java:335)
	at org.springframework.boot.SpringApplication.run(SpringApplication.java:1363)
	at org.springframework.boot.SpringApplication.run(SpringApplication.java:1352)
	at com.example.demo.DemoApplication.main(DemoApplication.java:12)
Caused by: org.springframework.beans.factory.UnsatisfiedDependencyException: Error creating bean with name 'orderService': Unsatisfied dependency expressed through field 'orderMapper': Error creating bean with name 'orderMapper' defined in file [/Users/shawluke/IdeaProjects/demo/target/classes/com/example/demo/mapper/OrderMapper.class]: Unsatisfied dependency expressed through bean property 'sqlSessionFactory': Error creating bean with name 'sqlSessionFactory' defined in class path resource [com/baomidou/mybatisplus/autoconfigure/MybatisPlusAutoConfiguration.class]: Failed to instantiate [org.apache.ibatis.session.SqlSessionFactory]: Factory method 'sqlSessionFactory' threw exception with message: com.baomidou.mybatisplus.core.spi.CompatibleSet: com.baomidou.mybatisplus.extension.spi.SpringCompatibleSet not a subtype
	at org.springframework.beans.factory.annotation.AutowiredAnnotationBeanPostProcessor$AutowiredFieldElement.resolveFieldValue(AutowiredAnnotationBeanPostProcessor.java:788)
	at org.springframework.beans.factory.annotation.AutowiredAnnotationBeanPostProcessor$AutowiredFieldElement.inject(AutowiredAnnotationBeanPostProcessor.java:768)
	at org.springframework.beans.factory.annotation.InjectionMetadata.inject(InjectionMetadata.java:145)
	at org.springframework.beans.factory.annotation.AutowiredAnnotationBeanPostProcessor.postProcessProperties(AutowiredAnnotationBeanPostProcessor.java:509)
	at org.springframework.beans.factory.support.AbstractAutowireCapableBeanFactory.populateBean(AbstractAutowireCapableBeanFactory.java:1439)
	at org.springframework.beans.factory.support.AbstractAutowireCapableBeanFactory.doCreateBean(AbstractAutowireCapableBeanFactory.java:599)
	at org.springframework.beans.factory.support.AbstractAutowireCapableBeanFactory.createBean(AbstractAutowireCapableBeanFactory.java:522)
	at org.springframework.beans.factory.support.AbstractBeanFactory.lambda$doGetBean$0(AbstractBeanFactory.java:337)
	at org.springframework.beans.factory.support.DefaultSingletonBeanRegistry.getSingleton(DefaultSingletonBeanRegistry.java:234)
	at org.springframework.beans.factory.support.AbstractBeanFactory.doGetBean(AbstractBeanFactory.java:335)
	at org.springframework.beans.factory.support.AbstractBeanFactory.getBean(AbstractBeanFactory.java:200)
	at org.springframework.beans.factory.config.DependencyDescriptor.resolveCandidate(DependencyDescriptor.java:254)
	at org.springframework.beans.factory.support.DefaultListableBeanFactory.doResolveDependency(DefaultListableBeanFactory.java:1443)
	at org.springframework.beans.factory.support.DefaultListableBeanFactory.resolveDependency(DefaultListableBeanFactory.java:1353)
	at org.springframework.beans.factory.annotation.AutowiredAnnotationBeanPostProcessor$AutowiredFieldElement.resolveFieldValue(AutowiredAnnotationBeanPostProcessor.java:785)
	... 20 common frames omitted
Caused by: org.springframework.beans.factory.UnsatisfiedDependencyException: Error creating bean with name 'orderMapper' defined in file [/Users/shawluke/IdeaProjects/demo/target/classes/com/example/demo/mapper/OrderMapper.class]: Unsatisfied dependency expressed through bean property 'sqlSessionFactory': Error creating bean with name 'sqlSessionFactory' defined in class path resource [com/baomidou/mybatisplus/autoconfigure/MybatisPlusAutoConfiguration.class]: Failed to instantiate [org.apache.ibatis.session.SqlSessionFactory]: Factory method 'sqlSessionFactory' threw exception with message: com.baomidou.mybatisplus.core.spi.CompatibleSet: com.baomidou.mybatisplus.extension.spi.SpringCompatibleSet not a subtype
	at org.springframework.beans.factory.support.AbstractAutowireCapableBeanFactory.autowireByType(AbstractAutowireCapableBeanFactory.java:1536)
	at org.springframework.beans.factory.support.AbstractAutowireCapableBeanFactory.populateBean(AbstractAutowireCapableBeanFactory.java:1430)
	at org.springframework.beans.factory.support.AbstractAutowireCapableBeanFactory.doCreateBean(AbstractAutowireCapableBeanFactory.java:599)
	at org.springframework.beans.factory.support.AbstractAutowireCapableBeanFactory.createBean(AbstractAutowireCapableBeanFactory.java:522)
	at org.springframework.beans.factory.support.AbstractBeanFactory.lambda$doGetBean$0(AbstractBeanFactory.java:337)
	at org.springframework.beans.factory.support.DefaultSingletonBeanRegistry.getSingleton(DefaultSingletonBeanRegistry.java:234)
	at org.springframework.beans.factory.support.AbstractBeanFactory.doGetBean(AbstractBeanFactory.java:335)
	at org.springframework.beans.factory.support.AbstractBeanFactory.getBean(AbstractBeanFactory.java:200)
	at org.springframework.beans.factory.config.DependencyDescriptor.resolveCandidate(DependencyDescriptor.java:254)
	at org.springframework.beans.factory.support.DefaultListableBeanFactory.doResolveDependency(DefaultListableBeanFactory.java:1443)
	at org.springframework.beans.factory.support.DefaultListableBeanFactory.resolveDependency(DefaultListableBeanFactory.java:1353)
	at org.springframework.beans.factory.annotation.AutowiredAnnotationBeanPostProcessor$AutowiredFieldElement.resolveFieldValue(AutowiredAnnotationBeanPostProcessor.java:785)
	... 34 common frames omitted
Caused by: org.springframework.beans.factory.BeanCreationException: Error creating bean with name 'sqlSessionFactory' defined in class path resource [com/baomidou/mybatisplus/autoconfigure/MybatisPlusAutoConfiguration.class]: Failed to instantiate [org.apache.ibatis.session.SqlSessionFactory]: Factory method 'sqlSessionFactory' threw exception with message: com.baomidou.mybatisplus.core.spi.CompatibleSet: com.baomidou.mybatisplus.extension.spi.SpringCompatibleSet not a subtype
	at org.springframework.beans.factory.support.ConstructorResolver.instantiate(ConstructorResolver.java:648)
	at org.springframework.beans.factory.support.ConstructorResolver.instantiateUsingFactoryMethod(ConstructorResolver.java:636)
	at org.springframework.beans.factory.support.AbstractAutowireCapableBeanFactory.instantiateUsingFactoryMethod(AbstractAutowireCapableBeanFactory.java:1355)
	at org.springframework.beans.factory.support.AbstractAutowireCapableBeanFactory.createBeanInstance(AbstractAutowireCapableBeanFactory.java:1185)
	at org.springframework.beans.factory.support.AbstractAutowireCapableBeanFactory.doCreateBean(AbstractAutowireCapableBeanFactory.java:562)
	at org.springframework.beans.factory.support.AbstractAutowireCapableBeanFactory.createBean(AbstractAutowireCapableBeanFactory.java:522)
	at org.springframework.beans.factory.support.AbstractBeanFactory.lambda$doGetBean$0(AbstractBeanFactory.java:337)
	at org.springframework.beans.factory.support.DefaultSingletonBeanRegistry.getSingleton(DefaultSingletonBeanRegistry.java:234)
	at org.springframework.beans.factory.support.AbstractBeanFactory.doGetBean(AbstractBeanFactory.java:335)
	at org.springframework.beans.factory.support.AbstractBeanFactory.getBean(AbstractBeanFactory.java:200)
	at org.springframework.beans.factory.config.DependencyDescriptor.resolveCandidate(DependencyDescriptor.java:254)
	at org.springframework.beans.factory.support.DefaultListableBeanFactory.doResolveDependency(DefaultListableBeanFactory.java:1443)
	at org.springframework.beans.factory.support.DefaultListableBeanFactory.resolveDependency(DefaultListableBeanFactory.java:1353)
	at org.springframework.beans.factory.support.AbstractAutowireCapableBeanFactory.autowireByType(AbstractAutowireCapableBeanFactory.java:1521)
	... 45 common frames omitted
Caused by: org.springframework.beans.BeanInstantiationException: Failed to instantiate [org.apache.ibatis.session.SqlSessionFactory]: Factory method 'sqlSessionFactory' threw exception with message: com.baomidou.mybatisplus.core.spi.CompatibleSet: com.baomidou.mybatisplus.extension.spi.SpringCompatibleSet not a subtype
	at org.springframework.beans.factory.support.SimpleInstantiationStrategy.instantiate(SimpleInstantiationStrategy.java:178)
	at org.springframework.beans.factory.support.ConstructorResolver.instantiate(ConstructorResolver.java:644)
	... 58 common frames omitted
Caused by: java.util.ServiceConfigurationError: com.baomidou.mybatisplus.core.spi.CompatibleSet: com.baomidou.mybatisplus.extension.spi.SpringCompatibleSet not a subtype
	at java.base/java.util.ServiceLoader.fail(ServiceLoader.java:593)
	at java.base/java.util.ServiceLoader$LazyClassPathLookupIterator.hasNextService(ServiceLoader.java:1244)
	at java.base/java.util.ServiceLoader$LazyClassPathLookupIterator.hasNext(ServiceLoader.java:1273)
	at java.base/java.util.ServiceLoader$2.hasNext(ServiceLoader.java:1309)
	at java.base/java.util.ServiceLoader$3.hasNext(ServiceLoader.java:1393)
	at com.baomidou.mybatisplus.core.spi.CompatibleHelper.<clinit>(CompatibleHelper.java:37)
	at com.baomidou.mybatisplus.extension.spring.MybatisSqlSessionFactoryBean.setApplicationContext(MybatisSqlSessionFactoryBean.java:544)
	at com.baomidou.mybatisplus.autoconfigure.MybatisPlusAutoConfiguration.sqlSessionFactory(MybatisPlusAutoConfiguration.java:176)
	at java.base/jdk.internal.reflect.NativeMethodAccessorImpl.invoke0(Native Method)
	at java.base/jdk.internal.reflect.NativeMethodAccessorImpl.invoke(NativeMethodAccessorImpl.java:77)
	at java.base/jdk.internal.reflect.DelegatingMethodAccessorImpl.invoke(DelegatingMethodAccessorImpl.java:43)
	at java.base/java.lang.reflect.Method.invoke(Method.java:569)
	at org.springframework.beans.factory.support.SimpleInstantiationStrategy.instantiate(SimpleInstantiationStrategy.java:146)
	... 59 common frames omitted
2026-01-28 22:26:01.403 INFO  [main] [] [] com.example.demo.DemoApplication - Starting DemoApplication using Java 17.0.18 with PID 41521 (/Users/shawluke/IdeaProjects/demo/target/classes started by shawluke in /Users/shawluke/IdeaProjects/demo)
2026-01-28 22:26:01.404 INFO  [main] [] [] com.example.demo.DemoApplication - No active profile set, falling back to 1 default profile: "default"
2026-01-28 22:26:01.941 INFO  [main] [] [] org.apache.coyote.http11.Http11NioProtocol - Initializing ProtocolHandler ["http-nio-8080"]
2026-01-28 22:26:01.943 INFO  [main] [] [] org.apache.catalina.core.StandardService - Starting service [Tomcat]
2026-01-28 22:26:01.943 INFO  [main] [] [] org.apache.catalina.core.StandardEngine - Starting Servlet engine: [Apache Tomcat/10.1.28]
2026-01-28 22:26:01.964 INFO  [main] [] [] o.a.c.core.ContainerBase.[Tomcat].[localhost].[/] - Initializing Spring embedded WebApplicationContext
2026-01-28 22:26:02.130 WARN  [main] [] [] o.s.b.w.s.c.AnnotationConfigServletWebServerApplicationContext - Exception encountered during context initialization - cancelling refresh attempt: org.springframework.beans.factory.UnsatisfiedDependencyException: Error creating bean with name 'orderController': Unsatisfied dependency expressed through field 'orderService': Error creating bean with name 'orderService': Unsatisfied dependency expressed through field 'orderMapper': Error creating bean with name 'orderMapper' defined in file [/Users/shawluke/IdeaProjects/demo/target/classes/com/example/demo/mapper/OrderMapper.class]: Unsatisfied dependency expressed through bean property 'sqlSessionFactory': Error creating bean with name 'sqlSessionFactory' defined in class path resource [com/baomidou/mybatisplus/autoconfigure/MybatisPlusAutoConfiguration.class]: Failed to instantiate [org.apache.ibatis.session.SqlSessionFactory]: Factory method 'sqlSessionFactory' threw exception with message: com.baomidou.mybatisplus.core.spi.CompatibleSet: com.baomidou.mybatisplus.extension.spi.SpringCompatibleSet not a subtype
2026-01-28 22:26:02.136 INFO  [main] [] [] org.apache.catalina.core.StandardService - Stopping service [Tomcat]
2026-01-28 22:26:02.148 ERROR [main] [] [] org.springframework.boot.SpringApplication - Application run failed
org.springframework.beans.factory.UnsatisfiedDependencyException: Error creating bean with name 'orderController': Unsatisfied dependency expressed through field 'orderService': Error creating bean with name 'orderService': Unsatisfied dependency expressed through field 'orderMapper': Error creating bean with name 'orderMapper' defined in file [/Users/shawluke/IdeaProjects/demo/target/classes/com/example/demo/mapper/OrderMapper.class]: Unsatisfied dependency expressed through bean property 'sqlSessionFactory': Error creating bean with name 'sqlSessionFactory' defined in class path resource [com/baomidou/mybatisplus/autoconfigure/MybatisPlusAutoConfiguration.class]: Failed to instantiate [org.apache.ibatis.session.SqlSessionFactory]: Factory method 'sqlSessionFactory' threw exception with message: com.baomidou.mybatisplus.core.spi.CompatibleSet: com.baomidou.mybatisplus.extension.spi.SpringCompatibleSet not a subtype
	at org.springframework.beans.factory.annotation.AutowiredAnnotationBeanPostProcessor$AutowiredFieldElement.resolveFieldValue(AutowiredAnnotationBeanPostProcessor.java:788)
	at org.springframework.beans.factory.annotation.AutowiredAnnotationBeanPostProcessor$AutowiredFieldElement.inject(AutowiredAnnotationBeanPostProcessor.java:768)
	at org.springframework.beans.factory.annotation.InjectionMetadata.inject(InjectionMetadata.java:145)
	at org.springframework.beans.factory.annotation.AutowiredAnnotationBeanPostProcessor.postProcessProperties(AutowiredAnnotationBeanPostProcessor.java:509)
	at org.springframework.beans.factory.support.AbstractAutowireCapableBeanFactory.populateBean(AbstractAutowireCapableBeanFactory.java:1439)
	at org.springframework.beans.factory.support.AbstractAutowireCapableBeanFactory.doCreateBean(AbstractAutowireCapableBeanFactory.java:599)
	at org.springframework.beans.factory.support.AbstractAutowireCapableBeanFactory.createBean(AbstractAutowireCapableBeanFactory.java:522)
	at org.springframework.beans.factory.support.AbstractBeanFactory.lambda$doGetBean$0(AbstractBeanFactory.java:337)
	at org.springframework.beans.factory.support.DefaultSingletonBeanRegistry.getSingleton(DefaultSingletonBeanRegistry.java:234)
	at org.springframework.beans.factory.support.AbstractBeanFactory.doGetBean(AbstractBeanFactory.java:335)
	at org.springframework.beans.factory.support.AbstractBeanFactory.getBean(AbstractBeanFactory.java:200)
	at org.springframework.beans.factory.support.DefaultListableBeanFactory.preInstantiateSingletons(DefaultListableBeanFactory.java:975)
	at org.springframework.context.support.AbstractApplicationContext.finishBeanFactoryInitialization(AbstractApplicationContext.java:971)
	at org.springframework.context.support.AbstractApplicationContext.refresh(AbstractApplicationContext.java:625)
	at org.springframework.boot.web.servlet.context.ServletWebServerApplicationContext.refresh(ServletWebServerApplicationContext.java:146)
	at org.springframework.boot.SpringApplication.refresh(SpringApplication.java:754)
	at org.springframework.boot.SpringApplication.refreshContext(SpringApplication.java:456)
	at org.springframework.boot.SpringApplication.run(SpringApplication.java:335)
	at org.springframework.boot.SpringApplication.run(SpringApplication.java:1363)
	at org.springframework.boot.SpringApplication.run(SpringApplication.java:1352)
	at com.example.demo.DemoApplication.main(DemoApplication.java:12)
Caused by: org.springframework.beans.factory.UnsatisfiedDependencyException: Error creating bean with name 'orderService': Unsatisfied dependency expressed through field 'orderMapper': Error creating bean with name 'orderMapper' defined in file [/Users/shawluke/IdeaProjects/demo/target/classes/com/example/demo/mapper/OrderMapper.class]: Unsatisfied dependency expressed through bean property 'sqlSessionFactory': Error creating bean with name 'sqlSessionFactory' defined in class path resource [com/baomidou/mybatisplus/autoconfigure/MybatisPlusAutoConfiguration.class]: Failed to instantiate [org.apache.ibatis.session.SqlSessionFactory]: Factory method 'sqlSessionFactory' threw exception with message: com.baomidou.mybatisplus.core.spi.CompatibleSet: com.baomidou.mybatisplus.extension.spi.SpringCompatibleSet not a subtype
	at org.springframework.beans.factory.annotation.AutowiredAnnotationBeanPostProcessor$AutowiredFieldElement.resolveFieldValue(AutowiredAnnotationBeanPostProcessor.java:788)
	at org.springframework.beans.factory.annotation.AutowiredAnnotationBeanPostProcessor$AutowiredFieldElement.inject(AutowiredAnnotationBeanPostProcessor.java:768)
	at org.springframework.beans.factory.annotation.InjectionMetadata.inject(InjectionMetadata.java:145)
	at org.springframework.beans.factory.annotation.AutowiredAnnotationBeanPostProcessor.postProcessProperties(AutowiredAnnotationBeanPostProcessor.java:509)
	at org.springframework.beans.factory.support.AbstractAutowireCapableBeanFactory.populateBean(AbstractAutowireCapableBeanFactory.java:1439)
	at org.springframework.beans.factory.support.AbstractAutowireCapableBeanFactory.doCreateBean(AbstractAutowireCapableBeanFactory.java:599)
	at org.springframework.beans.factory.support.AbstractAutowireCapableBeanFactory.createBean(AbstractAutowireCapableBeanFactory.java:522)
	at org.springframework.beans.factory.support.AbstractBeanFactory.lambda$doGetBean$0(AbstractBeanFactory.java:337)
	at org.springframework.beans.factory.support.DefaultSingletonBeanRegistry.getSingleton(DefaultSingletonBeanRegistry.java:234)
	at org.springframework.beans.factory.support.AbstractBeanFactory.doGetBean(AbstractBeanFactory.java:335)
	at org.springframework.beans.factory.support.AbstractBeanFactory.getBean(AbstractBeanFactory.java:200)
	at org.springframework.beans.factory.config.DependencyDescriptor.resolveCandidate(DependencyDescriptor.java:254)
	at org.springframework.beans.factory.support.DefaultListableBeanFactory.doResolveDependency(DefaultListableBeanFactory.java:1443)
	at org.springframework.beans.factory.support.DefaultListableBeanFactory.resolveDependency(DefaultListableBeanFactory.java:1353)
	at org.springframework.beans.factory.annotation.AutowiredAnnotationBeanPostProcessor$AutowiredFieldElement.resolveFieldValue(AutowiredAnnotationBeanPostProcessor.java:785)
	... 20 common frames omitted
Caused by: org.springframework.beans.factory.UnsatisfiedDependencyException: Error creating bean with name 'orderMapper' defined in file [/Users/shawluke/IdeaProjects/demo/target/classes/com/example/demo/mapper/OrderMapper.class]: Unsatisfied dependency expressed through bean property 'sqlSessionFactory': Error creating bean with name 'sqlSessionFactory' defined in class path resource [com/baomidou/mybatisplus/autoconfigure/MybatisPlusAutoConfiguration.class]: Failed to instantiate [org.apache.ibatis.session.SqlSessionFactory]: Factory method 'sqlSessionFactory' threw exception with message: com.baomidou.mybatisplus.core.spi.CompatibleSet: com.baomidou.mybatisplus.extension.spi.SpringCompatibleSet not a subtype
	at org.springframework.beans.factory.support.AbstractAutowireCapableBeanFactory.autowireByType(AbstractAutowireCapableBeanFactory.java:1536)
	at org.springframework.beans.factory.support.AbstractAutowireCapableBeanFactory.populateBean(AbstractAutowireCapableBeanFactory.java:1430)
	at org.springframework.beans.factory.support.AbstractAutowireCapableBeanFactory.doCreateBean(AbstractAutowireCapableBeanFactory.java:599)
	at org.springframework.beans.factory.support.AbstractAutowireCapableBeanFactory.createBean(AbstractAutowireCapableBeanFactory.java:522)
	at org.springframework.beans.factory.support.AbstractBeanFactory.lambda$doGetBean$0(AbstractBeanFactory.java:337)
	at org.springframework.beans.factory.support.DefaultSingletonBeanRegistry.getSingleton(DefaultSingletonBeanRegistry.java:234)
	at org.springframework.beans.factory.support.AbstractBeanFactory.doGetBean(AbstractBeanFactory.java:335)
	at org.springframework.beans.factory.support.AbstractBeanFactory.getBean(AbstractBeanFactory.java:200)
	at org.springframework.beans.factory.config.DependencyDescriptor.resolveCandidate(DependencyDescriptor.java:254)
	at org.springframework.beans.factory.support.DefaultListableBeanFactory.doResolveDependency(DefaultListableBeanFactory.java:1443)
	at org.springframework.beans.factory.support.DefaultListableBeanFactory.resolveDependency(DefaultListableBeanFactory.java:1353)
	at org.springframework.beans.factory.annotation.AutowiredAnnotationBeanPostProcessor$AutowiredFieldElement.resolveFieldValue(AutowiredAnnotationBeanPostProcessor.java:785)
	... 34 common frames omitted
Caused by: org.springframework.beans.factory.BeanCreationException: Error creating bean with name 'sqlSessionFactory' defined in class path resource [com/baomidou/mybatisplus/autoconfigure/MybatisPlusAutoConfiguration.class]: Failed to instantiate [org.apache.ibatis.session.SqlSessionFactory]: Factory method 'sqlSessionFactory' threw exception with message: com.baomidou.mybatisplus.core.spi.CompatibleSet: com.baomidou.mybatisplus.extension.spi.SpringCompatibleSet not a subtype
	at org.springframework.beans.factory.support.ConstructorResolver.instantiate(ConstructorResolver.java:648)
	at org.springframework.beans.factory.support.ConstructorResolver.instantiateUsingFactoryMethod(ConstructorResolver.java:636)
	at org.springframework.beans.factory.support.AbstractAutowireCapableBeanFactory.instantiateUsingFactoryMethod(AbstractAutowireCapableBeanFactory.java:1355)
	at org.springframework.beans.factory.support.AbstractAutowireCapableBeanFactory.createBeanInstance(AbstractAutowireCapableBeanFactory.java:1185)
	at org.springframework.beans.factory.support.AbstractAutowireCapableBeanFactory.doCreateBean(AbstractAutowireCapableBeanFactory.java:562)
	at org.springframework.beans.factory.support.AbstractAutowireCapableBeanFactory.createBean(AbstractAutowireCapableBeanFactory.java:522)
	at org.springframework.beans.factory.support.AbstractBeanFactory.lambda$doGetBean$0(AbstractBeanFactory.java:337)
	at org.springframework.beans.factory.support.DefaultSingletonBeanRegistry.getSingleton(DefaultSingletonBeanRegistry.java:234)
	at org.springframework.beans.factory.support.AbstractBeanFactory.doGetBean(AbstractBeanFactory.java:335)
	at org.springframework.beans.factory.support.AbstractBeanFactory.getBean(AbstractBeanFactory.java:200)
	at org.springframework.beans.factory.config.DependencyDescriptor.resolveCandidate(DependencyDescriptor.java:254)
	at org.springframework.beans.factory.support.DefaultListableBeanFactory.doResolveDependency(DefaultListableBeanFactory.java:1443)
	at org.springframework.beans.factory.support.DefaultListableBeanFactory.resolveDependency(DefaultListableBeanFactory.java:1353)
	at org.springframework.beans.factory.support.AbstractAutowireCapableBeanFactory.autowireByType(AbstractAutowireCapableBeanFactory.java:1521)
	... 45 common frames omitted
Caused by: org.springframework.beans.BeanInstantiationException: Failed to instantiate [org.apache.ibatis.session.SqlSessionFactory]: Factory method 'sqlSessionFactory' threw exception with message: com.baomidou.mybatisplus.core.spi.CompatibleSet: com.baomidou.mybatisplus.extension.spi.SpringCompatibleSet not a subtype
	at org.springframework.beans.factory.support.SimpleInstantiationStrategy.instantiate(SimpleInstantiationStrategy.java:178)
	at org.springframework.beans.factory.support.ConstructorResolver.instantiate(ConstructorResolver.java:644)
	... 58 common frames omitted
Caused by: java.util.ServiceConfigurationError: com.baomidou.mybatisplus.core.spi.CompatibleSet: com.baomidou.mybatisplus.extension.spi.SpringCompatibleSet not a subtype
	at java.base/java.util.ServiceLoader.fail(ServiceLoader.java:593)
	at java.base/java.util.ServiceLoader$LazyClassPathLookupIterator.hasNextService(ServiceLoader.java:1244)
	at java.base/java.util.ServiceLoader$LazyClassPathLookupIterator.hasNext(ServiceLoader.java:1273)
	at java.base/java.util.ServiceLoader$2.hasNext(ServiceLoader.java:1309)
	at java.base/java.util.ServiceLoader$3.hasNext(ServiceLoader.java:1393)
	at com.baomidou.mybatisplus.core.spi.CompatibleHelper.<clinit>(CompatibleHelper.java:37)
	at com.baomidou.mybatisplus.extension.spring.MybatisSqlSessionFactoryBean.setApplicationContext(MybatisSqlSessionFactoryBean.java:544)
	at com.baomidou.mybatisplus.autoconfigure.MybatisPlusAutoConfiguration.sqlSessionFactory(MybatisPlusAutoConfiguration.java:176)
	at java.base/jdk.internal.reflect.NativeMethodAccessorImpl.invoke0(Native Method)
	at java.base/jdk.internal.reflect.NativeMethodAccessorImpl.invoke(NativeMethodAccessorImpl.java:77)
	at java.base/jdk.internal.reflect.DelegatingMethodAccessorImpl.invoke(DelegatingMethodAccessorImpl.java:43)
	at java.base/java.lang.reflect.Method.invoke(Method.java:569)
	at org.springframework.beans.factory.support.SimpleInstantiationStrategy.instantiate(SimpleInstantiationStrategy.java:146)
	... 59 common frames omitted
2026-01-28 22:27:22.354 INFO  [main] [] [] com.example.demo.DemoApplication - Starting DemoApplication using Java 17.0.18 with PID 41545 (/Users/shawluke/IdeaProjects/demo/target/classes started by shawluke in /Users/shawluke/IdeaProjects/demo)
2026-01-28 22:27:22.355 INFO  [main] [] [] com.example.demo.DemoApplication - No active profile set, falling back to 1 default profile: "default"
2026-01-28 22:27:22.926 INFO  [main] [] [] org.apache.coyote.http11.Http11NioProtocol - Initializing ProtocolHandler ["http-nio-8080"]
2026-01-28 22:27:22.928 INFO  [main] [] [] org.apache.catalina.core.StandardService - Starting service [Tomcat]
2026-01-28 22:27:22.928 INFO  [main] [] [] org.apache.catalina.core.StandardEngine - Starting Servlet engine: [Apache Tomcat/10.1.28]
2026-01-28 22:27:22.950 INFO  [main] [] [] o.a.c.core.ContainerBase.[Tomcat].[localhost].[/] - Initializing Spring embedded WebApplicationContext
2026-01-28 22:27:23.120 WARN  [main] [] [] o.s.b.w.s.c.AnnotationConfigServletWebServerApplicationContext - Exception encountered during context initialization - cancelling refresh attempt: org.springframework.beans.factory.UnsatisfiedDependencyException: Error creating bean with name 'orderController': Unsatisfied dependency expressed through field 'orderService': Error creating bean with name 'orderService': Unsatisfied dependency expressed through field 'orderMapper': Error creating bean with name 'orderMapper' defined in file [/Users/shawluke/IdeaProjects/demo/target/classes/com/example/demo/mapper/OrderMapper.class]: Unsatisfied dependency expressed through bean property 'sqlSessionFactory': Error creating bean with name 'sqlSessionFactory' defined in class path resource [com/baomidou/mybatisplus/autoconfigure/MybatisPlusAutoConfiguration.class]: Failed to instantiate [org.apache.ibatis.session.SqlSessionFactory]: Factory method 'sqlSessionFactory' threw exception with message: com.baomidou.mybatisplus.core.spi.CompatibleSet: com.baomidou.mybatisplus.extension.spi.SpringCompatibleSet not a subtype
2026-01-28 22:27:23.126 INFO  [main] [] [] org.apache.catalina.core.StandardService - Stopping service [Tomcat]
2026-01-28 22:27:23.139 ERROR [main] [] [] org.springframework.boot.SpringApplication - Application run failed
org.springframework.beans.factory.UnsatisfiedDependencyException: Error creating bean with name 'orderController': Unsatisfied dependency expressed through field 'orderService': Error creating bean with name 'orderService': Unsatisfied dependency expressed through field 'orderMapper': Error creating bean with name 'orderMapper' defined in file [/Users/shawluke/IdeaProjects/demo/target/classes/com/example/demo/mapper/OrderMapper.class]: Unsatisfied dependency expressed through bean property 'sqlSessionFactory': Error creating bean with name 'sqlSessionFactory' defined in class path resource [com/baomidou/mybatisplus/autoconfigure/MybatisPlusAutoConfiguration.class]: Failed to instantiate [org.apache.ibatis.session.SqlSessionFactory]: Factory method 'sqlSessionFactory' threw exception with message: com.baomidou.mybatisplus.core.spi.CompatibleSet: com.baomidou.mybatisplus.extension.spi.SpringCompatibleSet not a subtype
	at org.springframework.beans.factory.annotation.AutowiredAnnotationBeanPostProcessor$AutowiredFieldElement.resolveFieldValue(AutowiredAnnotationBeanPostProcessor.java:788)
	at org.springframework.beans.factory.annotation.AutowiredAnnotationBeanPostProcessor$AutowiredFieldElement.inject(AutowiredAnnotationBeanPostProcessor.java:768)
	at org.springframework.beans.factory.annotation.InjectionMetadata.inject(InjectionMetadata.java:145)
	at org.springframework.beans.factory.annotation.AutowiredAnnotationBeanPostProcessor.postProcessProperties(AutowiredAnnotationBeanPostProcessor.java:509)
	at org.springframework.beans.factory.support.AbstractAutowireCapableBeanFactory.populateBean(AbstractAutowireCapableBeanFactory.java:1439)
	at org.springframework.beans.factory.support.AbstractAutowireCapableBeanFactory.doCreateBean(AbstractAutowireCapableBeanFactory.java:599)
	at org.springframework.beans.factory.support.AbstractAutowireCapableBeanFactory.createBean(AbstractAutowireCapableBeanFactory.java:522)
	at org.springframework.beans.factory.support.AbstractBeanFactory.lambda$doGetBean$0(AbstractBeanFactory.java:337)
	at org.springframework.beans.factory.support.DefaultSingletonBeanRegistry.getSingleton(DefaultSingletonBeanRegistry.java:234)
	at org.springframework.beans.factory.support.AbstractBeanFactory.doGetBean(AbstractBeanFactory.java:335)
	at org.springframework.beans.factory.support.AbstractBeanFactory.getBean(AbstractBeanFactory.java:200)
	at org.springframework.beans.factory.support.DefaultListableBeanFactory.preInstantiateSingletons(DefaultListableBeanFactory.java:975)
	at org.springframework.context.support.AbstractApplicationContext.finishBeanFactoryInitialization(AbstractApplicationContext.java:971)
	at org.springframework.context.support.AbstractApplicationContext.refresh(AbstractApplicationContext.java:625)
	at org.springframework.boot.web.servlet.context.ServletWebServerApplicationContext.refresh(ServletWebServerApplicationContext.java:146)
	at org.springframework.boot.SpringApplication.refresh(SpringApplication.java:754)
	at org.springframework.boot.SpringApplication.refreshContext(SpringApplication.java:456)
	at org.springframework.boot.SpringApplication.run(SpringApplication.java:335)
	at org.springframework.boot.SpringApplication.run(SpringApplication.java:1363)
	at org.springframework.boot.SpringApplication.run(SpringApplication.java:1352)
	at com.example.demo.DemoApplication.main(DemoApplication.java:12)
Caused by: org.springframework.beans.factory.UnsatisfiedDependencyException: Error creating bean with name 'orderService': Unsatisfied dependency expressed through field 'orderMapper': Error creating bean with name 'orderMapper' defined in file [/Users/shawluke/IdeaProjects/demo/target/classes/com/example/demo/mapper/OrderMapper.class]: Unsatisfied dependency expressed through bean property 'sqlSessionFactory': Error creating bean with name 'sqlSessionFactory' defined in class path resource [com/baomidou/mybatisplus/autoconfigure/MybatisPlusAutoConfiguration.class]: Failed to instantiate [org.apache.ibatis.session.SqlSessionFactory]: Factory method 'sqlSessionFactory' threw exception with message: com.baomidou.mybatisplus.core.spi.CompatibleSet: com.baomidou.mybatisplus.extension.spi.SpringCompatibleSet not a subtype
	at org.springframework.beans.factory.annotation.AutowiredAnnotationBeanPostProcessor$AutowiredFieldElement.resolveFieldValue(AutowiredAnnotationBeanPostProcessor.java:788)
	at org.springframework.beans.factory.annotation.AutowiredAnnotationBeanPostProcessor$AutowiredFieldElement.inject(AutowiredAnnotationBeanPostProcessor.java:768)
	at org.springframework.beans.factory.annotation.InjectionMetadata.inject(InjectionMetadata.java:145)
	at org.springframework.beans.factory.annotation.AutowiredAnnotationBeanPostProcessor.postProcessProperties(AutowiredAnnotationBeanPostProcessor.java:509)
	at org.springframework.beans.factory.support.AbstractAutowireCapableBeanFactory.populateBean(AbstractAutowireCapableBeanFactory.java:1439)
	at org.springframework.beans.factory.support.AbstractAutowireCapableBeanFactory.doCreateBean(AbstractAutowireCapableBeanFactory.java:599)
	at org.springframework.beans.factory.support.AbstractAutowireCapableBeanFactory.createBean(AbstractAutowireCapableBeanFactory.java:522)
	at org.springframework.beans.factory.support.AbstractBeanFactory.lambda$doGetBean$0(AbstractBeanFactory.java:337)
	at org.springframework.beans.factory.support.DefaultSingletonBeanRegistry.getSingleton(DefaultSingletonBeanRegistry.java:234)
	at org.springframework.beans.factory.support.AbstractBeanFactory.doGetBean(AbstractBeanFactory.java:335)
	at org.springframework.beans.factory.support.AbstractBeanFactory.getBean(AbstractBeanFactory.java:200)
	at org.springframework.beans.factory.config.DependencyDescriptor.resolveCandidate(DependencyDescriptor.java:254)
	at org.springframework.beans.factory.support.DefaultListableBeanFactory.doResolveDependency(DefaultListableBeanFactory.java:1443)
	at org.springframework.beans.factory.support.DefaultListableBeanFactory.resolveDependency(DefaultListableBeanFactory.java:1353)
	at org.springframework.beans.factory.annotation.AutowiredAnnotationBeanPostProcessor$AutowiredFieldElement.resolveFieldValue(AutowiredAnnotationBeanPostProcessor.java:785)
	... 20 common frames omitted
Caused by: org.springframework.beans.factory.UnsatisfiedDependencyException: Error creating bean with name 'orderMapper' defined in file [/Users/shawluke/IdeaProjects/demo/target/classes/com/example/demo/mapper/OrderMapper.class]: Unsatisfied dependency expressed through bean property 'sqlSessionFactory': Error creating bean with name 'sqlSessionFactory' defined in class path resource [com/baomidou/mybatisplus/autoconfigure/MybatisPlusAutoConfiguration.class]: Failed to instantiate [org.apache.ibatis.session.SqlSessionFactory]: Factory method 'sqlSessionFactory' threw exception with message: com.baomidou.mybatisplus.core.spi.CompatibleSet: com.baomidou.mybatisplus.extension.spi.SpringCompatibleSet not a subtype
	at org.springframework.beans.factory.support.AbstractAutowireCapableBeanFactory.autowireByType(AbstractAutowireCapableBeanFactory.java:1536)
	at org.springframework.beans.factory.support.AbstractAutowireCapableBeanFactory.populateBean(AbstractAutowireCapableBeanFactory.java:1430)
	at org.springframework.beans.factory.support.AbstractAutowireCapableBeanFactory.doCreateBean(AbstractAutowireCapableBeanFactory.java:599)
	at org.springframework.beans.factory.support.AbstractAutowireCapableBeanFactory.createBean(AbstractAutowireCapableBeanFactory.java:522)
	at org.springframework.beans.factory.support.AbstractBeanFactory.lambda$doGetBean$0(AbstractBeanFactory.java:337)
	at org.springframework.beans.factory.support.DefaultSingletonBeanRegistry.getSingleton(DefaultSingletonBeanRegistry.java:234)
	at org.springframework.beans.factory.support.AbstractBeanFactory.doGetBean(AbstractBeanFactory.java:335)
	at org.springframework.beans.factory.support.AbstractBeanFactory.getBean(AbstractBeanFactory.java:200)
	at org.springframework.beans.factory.config.DependencyDescriptor.resolveCandidate(DependencyDescriptor.java:254)
	at org.springframework.beans.factory.support.DefaultListableBeanFactory.doResolveDependency(DefaultListableBeanFactory.java:1443)
	at org.springframework.beans.factory.support.DefaultListableBeanFactory.resolveDependency(DefaultListableBeanFactory.java:1353)
	at org.springframework.beans.factory.annotation.AutowiredAnnotationBeanPostProcessor$AutowiredFieldElement.resolveFieldValue(AutowiredAnnotationBeanPostProcessor.java:785)
	... 34 common frames omitted
Caused by: org.springframework.beans.factory.BeanCreationException: Error creating bean with name 'sqlSessionFactory' defined in class path resource [com/baomidou/mybatisplus/autoconfigure/MybatisPlusAutoConfiguration.class]: Failed to instantiate [org.apache.ibatis.session.SqlSessionFactory]: Factory method 'sqlSessionFactory' threw exception with message: com.baomidou.mybatisplus.core.spi.CompatibleSet: com.baomidou.mybatisplus.extension.spi.SpringCompatibleSet not a subtype
	at org.springframework.beans.factory.support.ConstructorResolver.instantiate(ConstructorResolver.java:648)
	at org.springframework.beans.factory.support.ConstructorResolver.instantiateUsingFactoryMethod(ConstructorResolver.java:636)
	at org.springframework.beans.factory.support.AbstractAutowireCapableBeanFactory.instantiateUsingFactoryMethod(AbstractAutowireCapableBeanFactory.java:1355)
	at org.springframework.beans.factory.support.AbstractAutowireCapableBeanFactory.createBeanInstance(AbstractAutowireCapableBeanFactory.java:1185)
	at org.springframework.beans.factory.support.AbstractAutowireCapableBeanFactory.doCreateBean(AbstractAutowireCapableBeanFactory.java:562)
	at org.springframework.beans.factory.support.AbstractAutowireCapableBeanFactory.createBean(AbstractAutowireCapableBeanFactory.java:522)
	at org.springframework.beans.factory.support.AbstractBeanFactory.lambda$doGetBean$0(AbstractBeanFactory.java:337)
	at org.springframework.beans.factory.support.DefaultSingletonBeanRegistry.getSingleton(DefaultSingletonBeanRegistry.java:234)
	at org.springframework.beans.factory.support.AbstractBeanFactory.doGetBean(AbstractBeanFactory.java:335)
	at org.springframework.beans.factory.support.AbstractBeanFactory.getBean(AbstractBeanFactory.java:200)
	at org.springframework.beans.factory.config.DependencyDescriptor.resolveCandidate(DependencyDescriptor.java:254)
	at org.springframework.beans.factory.support.DefaultListableBeanFactory.doResolveDependency(DefaultListableBeanFactory.java:1443)
	at org.springframework.beans.factory.support.DefaultListableBeanFactory.resolveDependency(DefaultListableBeanFactory.java:1353)
	at org.springframework.beans.factory.support.AbstractAutowireCapableBeanFactory.autowireByType(AbstractAutowireCapableBeanFactory.java:1521)
	... 45 common frames omitted
Caused by: org.springframework.beans.BeanInstantiationException: Failed to instantiate [org.apache.ibatis.session.SqlSessionFactory]: Factory method 'sqlSessionFactory' threw exception with message: com.baomidou.mybatisplus.core.spi.CompatibleSet: com.baomidou.mybatisplus.extension.spi.SpringCompatibleSet not a subtype
	at org.springframework.beans.factory.support.SimpleInstantiationStrategy.instantiate(SimpleInstantiationStrategy.java:178)
	at org.springframework.beans.factory.support.ConstructorResolver.instantiate(ConstructorResolver.java:644)
	... 58 common frames omitted
Caused by: java.util.ServiceConfigurationError: com.baomidou.mybatisplus.core.spi.CompatibleSet: com.baomidou.mybatisplus.extension.spi.SpringCompatibleSet not a subtype
	at java.base/java.util.ServiceLoader.fail(ServiceLoader.java:593)
	at java.base/java.util.ServiceLoader$LazyClassPathLookupIterator.hasNextService(ServiceLoader.java:1244)
	at java.base/java.util.ServiceLoader$LazyClassPathLookupIterator.hasNext(ServiceLoader.java:1273)
	at java.base/java.util.ServiceLoader$2.hasNext(ServiceLoader.java:1309)
	at java.base/java.util.ServiceLoader$3.hasNext(ServiceLoader.java:1393)
	at com.baomidou.mybatisplus.core.spi.CompatibleHelper.<clinit>(CompatibleHelper.java:37)
	at com.baomidou.mybatisplus.extension.spring.MybatisSqlSessionFactoryBean.setApplicationContext(MybatisSqlSessionFactoryBean.java:544)
	at com.baomidou.mybatisplus.autoconfigure.MybatisPlusAutoConfiguration.sqlSessionFactory(MybatisPlusAutoConfiguration.java:176)
	at java.base/jdk.internal.reflect.NativeMethodAccessorImpl.invoke0(Native Method)
	at java.base/jdk.internal.reflect.NativeMethodAccessorImpl.invoke(NativeMethodAccessorImpl.java:77)
	at java.base/jdk.internal.reflect.DelegatingMethodAccessorImpl.invoke(DelegatingMethodAccessorImpl.java:43)
	at java.base/java.lang.reflect.Method.invoke(Method.java:569)
	at org.springframework.beans.factory.support.SimpleInstantiationStrategy.instantiate(SimpleInstantiationStrategy.java:146)
	... 59 common frames omitted
2026-01-28 22:29:55.526 INFO  [main] [] [] com.example.demo.DemoApplication - Starting DemoApplication using Java 17.0.18 with PID 41577 (/Users/shawluke/IdeaProjects/demo/target/classes started by shawluke in /Users/shawluke/IdeaProjects/demo)
2026-01-28 22:29:55.527 INFO  [main] [] [] com.example.demo.DemoApplication - No active profile set, falling back to 1 default profile: "default"
2026-01-28 22:29:56.043 INFO  [main] [] [] org.apache.coyote.http11.Http11NioProtocol - Initializing ProtocolHandler ["http-nio-8080"]
2026-01-28 22:29:56.045 INFO  [main] [] [] org.apache.catalina.core.StandardService - Starting service [Tomcat]
2026-01-28 22:29:56.045 INFO  [main] [] [] org.apache.catalina.core.StandardEngine - Starting Servlet engine: [Apache Tomcat/10.1.28]
2026-01-28 22:29:56.065 INFO  [main] [] [] o.a.c.core.ContainerBase.[Tomcat].[localhost].[/] - Initializing Spring embedded WebApplicationContext
2026-01-28 22:29:56.487 INFO  [main] [] [] org.apache.coyote.http11.Http11NioProtocol - Starting ProtocolHandler ["http-nio-8080"]
2026-01-28 22:29:56.503 INFO  [main] [] [] com.example.demo.DemoApplication - Started DemoApplication in 1.182 seconds (process running for 1.39)
2026-01-28 22:30:24.277 INFO  [main] [] [] com.example.demo.DemoApplication - Starting DemoApplication using Java 17.0.18 with PID 41586 (/Users/shawluke/IdeaProjects/demo/target/classes started by shawluke in /Users/shawluke/IdeaProjects/demo)
2026-01-28 22:30:24.278 INFO  [main] [] [] com.example.demo.DemoApplication - No active profile set, falling back to 1 default profile: "default"
2026-01-28 22:30:24.793 INFO  [main] [] [] org.apache.coyote.http11.Http11NioProtocol - Initializing ProtocolHandler ["http-nio-8080"]
2026-01-28 22:30:24.794 INFO  [main] [] [] org.apache.catalina.core.StandardService - Starting service [Tomcat]
2026-01-28 22:30:24.794 INFO  [main] [] [] org.apache.catalina.core.StandardEngine - Starting Servlet engine: [Apache Tomcat/10.1.28]
2026-01-28 22:30:24.815 INFO  [main] [] [] o.a.c.core.ContainerBase.[Tomcat].[localhost].[/] - Initializing Spring embedded WebApplicationContext
2026-01-28 22:30:25.233 INFO  [main] [] [] org.apache.coyote.http11.Http11NioProtocol - Starting ProtocolHandler ["http-nio-8080"]
2026-01-28 22:30:25.249 INFO  [main] [] [] com.example.demo.DemoApplication - Started DemoApplication in 1.187 seconds (process running for 1.394)
2026-01-28 23:03:03.923 INFO  [main] [] [] com.example.demo.DemoApplication - Starting DemoApplication using Java 17.0.18 with PID 41930 (/Users/shawluke/IdeaProjects/demo/target/classes started by shawluke in /Users/shawluke/IdeaProjects/demo)
2026-01-28 23:03:03.924 INFO  [main] [] [] com.example.demo.DemoApplication - No active profile set, falling back to 1 default profile: "default"
2026-01-28 23:03:04.482 INFO  [main] [] [] org.apache.coyote.http11.Http11NioProtocol - Initializing ProtocolHandler ["http-nio-8080"]
2026-01-28 23:03:04.484 INFO  [main] [] [] org.apache.catalina.core.StandardService - Starting service [Tomcat]
2026-01-28 23:03:04.484 INFO  [main] [] [] org.apache.catalina.core.StandardEngine - Starting Servlet engine: [Apache Tomcat/10.1.28]
2026-01-28 23:03:04.508 INFO  [main] [] [] o.a.c.core.ContainerBase.[Tomcat].[localhost].[/] - Initializing Spring embedded WebApplicationContext
2026-01-28 23:03:04.972 INFO  [main] [] [] org.apache.coyote.http11.Http11NioProtocol - Starting ProtocolHandler ["http-nio-8080"]
2026-01-28 23:03:04.989 INFO  [main] [] [] com.example.demo.DemoApplication - Started DemoApplication in 1.282 seconds (process running for 1.501)
2026-01-28 23:04:25.978 INFO  [http-nio-8080-exec-1] [] [] org.apache.coyote.http11.Http11Processor - Error parsing HTTP request header
 Note: further occurrences of HTTP request parsing errors will be logged at DEBUG level.
java.lang.IllegalArgumentException: Invalid character found in the request target [/order/list0xef0xbc0x9fpage=1&size=10 ]. The valid characters are defined in RFC 7230 and RFC 3986
	at org.apache.coyote.http11.Http11InputBuffer.parseRequestLine(Http11InputBuffer.java:490)
	at org.apache.coyote.http11.Http11Processor.service(Http11Processor.java:257)
	at org.apache.coyote.AbstractProcessorLight.process(AbstractProcessorLight.java:63)
	at org.apache.coyote.AbstractProtocol$ConnectionHandler.process(AbstractProtocol.java:904)
	at org.apache.tomcat.util.net.NioEndpoint$SocketProcessor.doRun(NioEndpoint.java:1741)
	at org.apache.tomcat.util.net.SocketProcessorBase.run(SocketProcessorBase.java:52)
	at org.apache.tomcat.util.threads.ThreadPoolExecutor.runWorker(ThreadPoolExecutor.java:1190)
	at org.apache.tomcat.util.threads.ThreadPoolExecutor$Worker.run(ThreadPoolExecutor.java:659)
	at org.apache.tomcat.util.threads.TaskThread$WrappingRunnable.run(TaskThread.java:63)
	at java.base/java.lang.Thread.run(Thread.java:840)
2026-01-28 23:04:52.036 INFO  [http-nio-8080-exec-2] [] [] o.a.c.core.ContainerBase.[Tomcat].[localhost].[/] - Initializing Spring DispatcherServlet 'dispatcherServlet'
2026-01-28 23:04:52.047 INFO  [http-nio-8080-exec-2] [] [] com.example.demo.handler.AuthInterceptor - Missing or invalid Authorization header
2026-01-28 23:05:23.799 INFO  [http-nio-8080-exec-3] [] [] com.example.demo.controller.UserController - Logined user: testCreateOrder
2026-01-28 23:05:55.698 INFO  [http-nio-8080-exec-5] [] [] com.example.demo.controller.UserController - Logined user: testCreateOrder
2026-01-28 23:13:22.857 INFO  [main] [] [] com.example.demo.DemoApplication - Starting DemoApplication using Java 17.0.18 with PID 42056 (/Users/shawluke/IdeaProjects/demo/target/classes started by shawluke in /Users/shawluke/IdeaProjects/demo)
2026-01-28 23:13:22.858 INFO  [main] [] [] com.example.demo.DemoApplication - No active profile set, falling back to 1 default profile: "default"
2026-01-28 23:13:23.420 INFO  [main] [] [] org.apache.coyote.http11.Http11NioProtocol - Initializing ProtocolHandler ["http-nio-8080"]
2026-01-28 23:13:23.422 INFO  [main] [] [] org.apache.catalina.core.StandardService - Starting service [Tomcat]
2026-01-28 23:13:23.422 INFO  [main] [] [] org.apache.catalina.core.StandardEngine - Starting Servlet engine: [Apache Tomcat/10.1.28]
2026-01-28 23:13:23.446 INFO  [main] [] [] o.a.c.core.ContainerBase.[Tomcat].[localhost].[/] - Initializing Spring embedded WebApplicationContext
2026-01-28 23:13:23.908 INFO  [main] [] [] org.apache.coyote.http11.Http11NioProtocol - Starting ProtocolHandler ["http-nio-8080"]
2026-01-28 23:13:23.924 INFO  [main] [] [] com.example.demo.DemoApplication - Started DemoApplication in 1.285 seconds (process running for 1.497)
2026-01-28 23:13:27.000 INFO  [http-nio-8080-exec-1] [] [] o.a.c.core.ContainerBase.[Tomcat].[localhost].[/] - Initializing Spring DispatcherServlet 'dispatcherServlet'
2026-01-28 23:13:27.043 INFO  [http-nio-8080-exec-1] [] [] com.example.demo.controller.UserController - Logining user: testCreateOrder
2026-01-28 23:13:27.053 INFO  [http-nio-8080-exec-1] [] [] com.zaxxer.hikari.HikariDataSource - HikariPool-1 - Starting...
2026-01-28 23:13:27.196 INFO  [http-nio-8080-exec-1] [] [] com.zaxxer.hikari.pool.HikariPool - HikariPool-1 - Added connection com.mysql.cj.jdbc.ConnectionImpl@2cb42a8d
2026-01-28 23:13:27.196 INFO  [http-nio-8080-exec-1] [] [] com.zaxxer.hikari.HikariDataSource - HikariPool-1 - Start completed.
2026-01-28 23:14:32.647 INFO  [http-nio-8080-exec-3] [3dad9c08-4885-496a-a468-cdaa6498ac50] [14] com.example.demo.handler.AuthInterceptor - Already online user:14
2026-01-28 23:14:32.650 INFO  [http-nio-8080-exec-3] [3dad9c08-4885-496a-a468-cdaa6498ac50] [14] com.example.demo.controller.OrderController - Listing orders for userId: 14
2026-01-28 23:14:32.651 INFO  [http-nio-8080-exec-3] [3dad9c08-4885-496a-a468-cdaa6498ac50] [14] com.example.demo.service.OrderService - queryOrdersByUserId:userId==14,page==1,pageSize==10
2026-01-28 23:14:32.729 INFO  [http-nio-8080-exec-3] [3dad9c08-4885-496a-a468-cdaa6498ac50] [14] com.example.demo.service.OrderService - Queried 2 orders for userId 14
2026-01-28 23:14:41.631 INFO  [http-nio-8080-exec-4] [d58b0ad2-9c5e-4168-b924-471680523566] [14] com.example.demo.handler.AuthInterceptor - Already online user:14
2026-01-28 23:14:41.631 INFO  [http-nio-8080-exec-4] [d58b0ad2-9c5e-4168-b924-471680523566] [14] com.example.demo.controller.OrderController - Listing orders for userId: 14
2026-01-28 23:14:41.632 INFO  [http-nio-8080-exec-4] [d58b0ad2-9c5e-4168-b924-471680523566] [14] com.example.demo.service.OrderService - queryOrdersByUserId:userId==14,page==1,pageSize==10
2026-01-28 23:14:41.641 INFO  [http-nio-8080-exec-4] [d58b0ad2-9c5e-4168-b924-471680523566] [14] com.example.demo.service.OrderService - Queried 2 orders for userId 14
2026-01-28 23:15:29.279 INFO  [http-nio-8080-exec-5] [43ca8eeb-1535-4129-8d3d-046860a17278] [14] com.example.demo.handler.AuthInterceptor - Already online user:14
2026-01-28 23:15:29.281 INFO  [http-nio-8080-exec-5] [43ca8eeb-1535-4129-8d3d-046860a17278] [14] com.example.demo.controller.OrderController - Creating order for user: OrderReq(userId=null, userName=testCreateOrder, productId=1, quantity=1, totalAmount=1, statusDesc=null)
2026-01-28 23:15:36.295 INFO  [http-nio-8080-exec-7] [8b7704fe-0ef4-4c0e-a35c-d2a29d70f6eb] [14] com.example.demo.handler.AuthInterceptor - Already online user:14
2026-01-28 23:15:36.295 INFO  [http-nio-8080-exec-7] [8b7704fe-0ef4-4c0e-a35c-d2a29d70f6eb] [14] com.example.demo.controller.OrderController - Listing orders for userId: 14
2026-01-28 23:15:36.295 INFO  [http-nio-8080-exec-7] [8b7704fe-0ef4-4c0e-a35c-d2a29d70f6eb] [14] com.example.demo.service.OrderService - queryOrdersByUserId:userId==14,page==1,pageSize==10
2026-01-28 23:15:36.304 INFO  [http-nio-8080-exec-7] [8b7704fe-0ef4-4c0e-a35c-d2a29d70f6eb] [14] com.example.demo.service.OrderService - Queried 3 orders for userId 14
2026-01-28 23:15:51.165 INFO  [http-nio-8080-exec-9] [d04bc876-c6f1-401b-a86b-f1887a7aadf7] [14] com.example.demo.handler.AuthInterceptor - Already online user:14
2026-01-28 23:15:51.165 INFO  [http-nio-8080-exec-9] [d04bc876-c6f1-401b-a86b-f1887a7aadf7] [14] com.example.demo.controller.OrderController - Listing orders for userId: 14
2026-01-28 23:15:51.165 INFO  [http-nio-8080-exec-9] [d04bc876-c6f1-401b-a86b-f1887a7aadf7] [14] com.example.demo.service.OrderService - queryOrdersByUserId:userId==14,page==1,pageSize==1
2026-01-28 23:15:51.172 INFO  [http-nio-8080-exec-9] [d04bc876-c6f1-401b-a86b-f1887a7aadf7] [14] com.example.demo.service.OrderService - Queried 3 orders for userId 14
2026-01-28 23:16:04.651 INFO  [SpringApplicationShutdownHook] [] [] com.zaxxer.hikari.HikariDataSource - HikariPool-1 - Shutdown initiated...
2026-01-28 23:16:04.658 INFO  [SpringApplicationShutdownHook] [] [] com.zaxxer.hikari.HikariDataSource - HikariPool-1 - Shutdown completed.
